{"numFailedTestSuites":7,"numFailedTests":38,"numPassedTestSuites":21,"numPassedTests":266,"numPendingTestSuites":1,"numPendingTests":24,"numRuntimeErrorTestSuites":0,"numTodoTests":0,"numTotalTestSuites":29,"numTotalTests":328,"openHandles":[],"snapshot":{"added":0,"didUpdate":false,"failure":false,"filesAdded":0,"filesRemoved":0,"filesRemovedList":[],"filesUnmatched":0,"filesUpdated":0,"matched":0,"total":0,"unchecked":0,"uncheckedKeysByFile":[],"unmatched":0,"updated":0},"startTime":1761301448052,"success":false,"testResults":[{"assertionResults":[{"ancestorTitles":["TRA Model - Risk Score Calculations"],"duration":4,"failing":false,"failureDetails":[],"failureMessages":[],"fullName":"TRA Model - Risk Score Calculations calculateRiskScore - calculates correct risk score","invocations":1,"location":null,"numPassingAsserts":4,"retryReasons":[],"startAt":1761301449201,"status":"passed","title":"calculateRiskScore - calculates correct risk score"},{"ancestorTitles":["TRA Model - Risk Score Calculations"],"duration":2,"failing":false,"failureDetails":[],"failureMessages":[],"fullName":"TRA Model - Risk Score Calculations getRiskLevel - returns correct risk level based on score","invocations":1,"location":null,"numPassingAsserts":8,"retryReasons":[],"startAt":1761301449205,"status":"passed","title":"getRiskLevel - returns correct risk level based on score"},{"ancestorTitles":["TRA Model - Risk Score Calculations"],"duration":0,"failing":false,"failureDetails":[],"failureMessages":[],"fullName":"TRA Model - Risk Score Calculations getRiskLevelColor - returns correct colors","invocations":1,"location":null,"numPassingAsserts":6,"retryReasons":[],"startAt":1761301449207,"status":"passed","title":"getRiskLevelColor - returns correct colors"},{"ancestorTitles":["TRA Model - Risk Score Calculations"],"duration":1,"failing":false,"failureDetails":[],"failureMessages":[],"fullName":"TRA Model - Risk Score Calculations getRiskLevelPriority - returns correct priority (lower = more urgent)","invocations":1,"location":null,"numPassingAsserts":6,"retryReasons":[],"startAt":1761301449207,"status":"passed","title":"getRiskLevelPriority - returns correct priority (lower = more urgent)"},{"ancestorTitles":["TRA Model - Risk Score Calculations"],"duration":1,"failing":false,"failureDetails":[],"failureMessages":[],"fullName":"TRA Model - Risk Score Calculations Effect scores are correctly defined","invocations":1,"location":null,"numPassingAsserts":2,"retryReasons":[],"startAt":1761301449209,"status":"passed","title":"Effect scores are correctly defined"},{"ancestorTitles":["TRA Model - Risk Score Calculations"],"duration":1,"failing":false,"failureDetails":[],"failureMessages":[],"fullName":"TRA Model - Risk Score Calculations Exposure scores are correctly defined","invocations":1,"location":null,"numPassingAsserts":2,"retryReasons":[],"startAt":1761301449210,"status":"passed","title":"Exposure scores are correctly defined"},{"ancestorTitles":["TRA Model - Risk Score Calculations"],"duration":0,"failing":false,"failureDetails":[],"failureMessages":[],"fullName":"TRA Model - Risk Score Calculations Probability scores are correctly defined","invocations":1,"location":null,"numPassingAsserts":2,"retryReasons":[],"startAt":1761301449211,"status":"passed","title":"Probability scores are correctly defined"},{"ancestorTitles":["TRA Model - Validity Checks"],"duration":1,"failing":false,"failureDetails":[],"failureMessages":[],"fullName":"TRA Model - Validity Checks isTRAValid - returns true for valid TRA","invocations":1,"location":null,"numPassingAsserts":1,"retryReasons":[],"startAt":1761301449211,"status":"passed","title":"isTRAValid - returns true for valid TRA"},{"ancestorTitles":["TRA Model - Validity Checks"],"duration":0,"failing":false,"failureDetails":[],"failureMessages":[],"fullName":"TRA Model - Validity Checks isTRAValid - returns false for expired TRA","invocations":1,"location":null,"numPassingAsserts":1,"retryReasons":[],"startAt":1761301449212,"status":"passed","title":"isTRAValid - returns false for expired TRA"},{"ancestorTitles":["TRA Model - Validity Checks"],"duration":0,"failing":false,"failureDetails":[],"failureMessages":[],"fullName":"TRA Model - Validity Checks isTRAValid - returns false for not yet valid TRA","invocations":1,"location":null,"numPassingAsserts":1,"retryReasons":[],"startAt":1761301449213,"status":"passed","title":"isTRAValid - returns false for not yet valid TRA"},{"ancestorTitles":["TRA Model - Validity Checks"],"duration":0,"failing":false,"failureDetails":[],"failureMessages":[],"fullName":"TRA Model - Validity Checks isTRAValid - returns false when validity dates missing","invocations":1,"location":null,"numPassingAsserts":1,"retryReasons":[],"startAt":1761301449213,"status":"passed","title":"isTRAValid - returns false when validity dates missing"},{"ancestorTitles":["TRA Model - Validity Checks"],"duration":1,"failing":false,"failureDetails":[{"matcherResult":{"actual":false,"expected":true,"message":"\u001b[2mexpect(\u001b[22m\u001b[31mreceived\u001b[39m\u001b[2m).\u001b[22mtoBe\u001b[2m(\u001b[22m\u001b[32mexpected\u001b[39m\u001b[2m) // Object.is equality\u001b[22m\n\nExpected: \u001b[32mtrue\u001b[39m\nReceived: \u001b[31mfalse\u001b[39m","name":"toBe","pass":false}}],"failureMessages":["Error: \u001b[2mexpect(\u001b[22m\u001b[31mreceived\u001b[39m\u001b[2m).\u001b[22mtoBe\u001b[2m(\u001b[22m\u001b[32mexpected\u001b[39m\u001b[2m) // Object.is equality\u001b[22m\n\nExpected: \u001b[32mtrue\u001b[39m\nReceived: \u001b[31mfalse\u001b[39m\n    at Object.toBe (D:\\Programmeren\\MaasISO\\saasapps\\tra001\\web\\src\\__tests__\\tra-model.test.ts:129:40)\n    at Promise.finally.completed (D:\\Programmeren\\MaasISO\\saasapps\\tra001\\web\\node_modules\\jest-circus\\build\\jestAdapterInit.js:1557:28)\n    at new Promise (<anonymous>)\n    at callAsyncCircusFn (D:\\Programmeren\\MaasISO\\saasapps\\tra001\\web\\node_modules\\jest-circus\\build\\jestAdapterInit.js:1497:10)\n    at _callCircusTest (D:\\Programmeren\\MaasISO\\saasapps\\tra001\\web\\node_modules\\jest-circus\\build\\jestAdapterInit.js:1007:40)\n    at processTicksAndRejections (node:internal/process/task_queues:105:5)\n    at _runTest (D:\\Programmeren\\MaasISO\\saasapps\\tra001\\web\\node_modules\\jest-circus\\build\\jestAdapterInit.js:947:3)\n    at D:\\Programmeren\\MaasISO\\saasapps\\tra001\\web\\node_modules\\jest-circus\\build\\jestAdapterInit.js:849:7\n    at _runTestsForDescribeBlock (D:\\Programmeren\\MaasISO\\saasapps\\tra001\\web\\node_modules\\jest-circus\\build\\jestAdapterInit.js:862:11)\n    at _runTestsForDescribeBlock (D:\\Programmeren\\MaasISO\\saasapps\\tra001\\web\\node_modules\\jest-circus\\build\\jestAdapterInit.js:857:11)\n    at run (D:\\Programmeren\\MaasISO\\saasapps\\tra001\\web\\node_modules\\jest-circus\\build\\jestAdapterInit.js:761:3)\n    at runAndTransformResultsToJestFormat (D:\\Programmeren\\MaasISO\\saasapps\\tra001\\web\\node_modules\\jest-circus\\build\\jestAdapterInit.js:1918:21)\n    at jestAdapter (D:\\Programmeren\\MaasISO\\saasapps\\tra001\\web\\node_modules\\jest-circus\\build\\runner.js:101:19)\n    at runTestInternal (D:\\Programmeren\\MaasISO\\saasapps\\tra001\\web\\node_modules\\jest-runner\\build\\testWorker.js:275:16)\n    at runTest (D:\\Programmeren\\MaasISO\\saasapps\\tra001\\web\\node_modules\\jest-runner\\build\\testWorker.js:343:7)\n    at Object.worker (D:\\Programmeren\\MaasISO\\saasapps\\tra001\\web\\node_modules\\jest-runner\\build\\testWorker.js:497:12)"],"fullName":"TRA Model - Validity Checks isTRAExpiringSoon - returns true for TRA expiring within threshold","invocations":1,"location":null,"numPassingAsserts":0,"retryReasons":[],"startAt":1761301449214,"status":"failed","title":"isTRAExpiringSoon - returns true for TRA expiring within threshold"},{"ancestorTitles":["TRA Model - Validity Checks"],"duration":1,"failing":false,"failureDetails":[],"failureMessages":[],"fullName":"TRA Model - Validity Checks isTRAExpiringSoon - returns false for already expired TRA","invocations":1,"location":null,"numPassingAsserts":1,"retryReasons":[],"startAt":1761301449225,"status":"passed","title":"isTRAExpiringSoon - returns false for already expired TRA"},{"ancestorTitles":["TRA Model - Hazard Analysis"],"duration":0,"failing":false,"failureDetails":[],"failureMessages":[],"fullName":"TRA Model - Hazard Analysis getOverallRiskScore - returns highest risk score","invocations":1,"location":null,"numPassingAsserts":1,"retryReasons":[],"startAt":1761301449226,"status":"passed","title":"getOverallRiskScore - returns highest risk score"},{"ancestorTitles":["TRA Model - Hazard Analysis"],"duration":4,"failing":false,"failureDetails":[],"failureMessages":[],"fullName":"TRA Model - Hazard Analysis getOverallRiskScore - returns 0 for no hazards","invocations":1,"location":null,"numPassingAsserts":1,"retryReasons":[],"startAt":1761301449226,"status":"passed","title":"getOverallRiskScore - returns 0 for no hazards"},{"ancestorTitles":["TRA Model - Hazard Analysis"],"duration":0,"failing":false,"failureDetails":[],"failureMessages":[],"fullName":"TRA Model - Hazard Analysis getTotalHazardCount - counts all hazards","invocations":1,"location":null,"numPassingAsserts":1,"retryReasons":[],"startAt":1761301449230,"status":"passed","title":"getTotalHazardCount - counts all hazards"},{"ancestorTitles":["TRA Model - Hazard Analysis"],"duration":1,"failing":false,"failureDetails":[],"failureMessages":[],"fullName":"TRA Model - Hazard Analysis groupHazardsByRiskLevel - groups hazards correctly","invocations":1,"location":null,"numPassingAsserts":6,"retryReasons":[],"startAt":1761301449230,"status":"passed","title":"groupHazardsByRiskLevel - groups hazards correctly"},{"ancestorTitles":["TRA Model - Status Checks"],"duration":0,"failing":false,"failureDetails":[],"failureMessages":[],"fullName":"TRA Model - Status Checks canEditTRA - allows editing for draft and rejected","invocations":1,"location":null,"numPassingAsserts":2,"retryReasons":[],"startAt":1761301449231,"status":"passed","title":"canEditTRA - allows editing for draft and rejected"},{"ancestorTitles":["TRA Model - Status Checks"],"duration":0,"failing":false,"failureDetails":[],"failureMessages":[],"fullName":"TRA Model - Status Checks canEditTRA - prevents editing for other statuses","invocations":1,"location":null,"numPassingAsserts":6,"retryReasons":[],"startAt":1761301449232,"status":"passed","title":"canEditTRA - prevents editing for other statuses"},{"ancestorTitles":["TRA Model - Status Checks"],"duration":0,"failing":false,"failureDetails":[],"failureMessages":[],"fullName":"TRA Model - Status Checks canSubmitTRA - validates TRA is ready for submission","invocations":1,"location":null,"numPassingAsserts":1,"retryReasons":[],"startAt":1761301449232,"status":"passed","title":"canSubmitTRA - validates TRA is ready for submission"},{"ancestorTitles":["TRA Model - Status Checks"],"duration":1,"failing":false,"failureDetails":[],"failureMessages":[],"fullName":"TRA Model - Status Checks canSubmitTRA - requires draft status","invocations":1,"location":null,"numPassingAsserts":1,"retryReasons":[],"startAt":1761301449232,"status":"passed","title":"canSubmitTRA - requires draft status"},{"ancestorTitles":["TRA Model - Status Checks"],"duration":0,"failing":false,"failureDetails":[],"failureMessages":[],"fullName":"TRA Model - Status Checks canSubmitTRA - requires task steps","invocations":1,"location":null,"numPassingAsserts":1,"retryReasons":[],"startAt":1761301449233,"status":"passed","title":"canSubmitTRA - requires task steps"},{"ancestorTitles":["TRA Model - Status Checks"],"duration":1,"failing":false,"failureDetails":[],"failureMessages":[],"fullName":"TRA Model - Status Checks canSubmitTRA - requires hazards in steps","invocations":1,"location":null,"numPassingAsserts":1,"retryReasons":[],"startAt":1761301449233,"status":"passed","title":"canSubmitTRA - requires hazards in steps"},{"ancestorTitles":["TRA Model - Status Checks"],"duration":0,"failing":false,"failureDetails":[],"failureMessages":[],"fullName":"TRA Model - Status Checks canSubmitTRA - requires team members","invocations":1,"location":null,"numPassingAsserts":1,"retryReasons":[],"startAt":1761301449234,"status":"passed","title":"canSubmitTRA - requires team members"},{"ancestorTitles":["TRA Model - Approval Workflow"],"duration":1,"failing":false,"failureDetails":[],"failureMessages":[],"fullName":"TRA Model - Approval Workflow getNextApprovalStep - returns current step","invocations":1,"location":null,"numPassingAsserts":3,"retryReasons":[],"startAt":1761301449234,"status":"passed","title":"getNextApprovalStep - returns current step"},{"ancestorTitles":["TRA Model - Approval Workflow"],"duration":0,"failing":false,"failureDetails":[],"failureMessages":[],"fullName":"TRA Model - Approval Workflow getNextApprovalStep - returns null when all steps completed","invocations":1,"location":null,"numPassingAsserts":1,"retryReasons":[],"startAt":1761301449235,"status":"passed","title":"getNextApprovalStep - returns null when all steps completed"},{"ancestorTitles":["TRA Model - Approval Workflow"],"duration":0,"failing":false,"failureDetails":[],"failureMessages":[],"fullName":"TRA Model - Approval Workflow canUserApproveStep - approver can approve","invocations":1,"location":null,"numPassingAsserts":2,"retryReasons":[],"startAt":1761301449235,"status":"passed","title":"canUserApproveStep - approver can approve"},{"ancestorTitles":["TRA Model - Approval Workflow"],"duration":1,"failing":false,"failureDetails":[],"failureMessages":[],"fullName":"TRA Model - Approval Workflow canUserApproveStep - admin can always approve","invocations":1,"location":null,"numPassingAsserts":1,"retryReasons":[],"startAt":1761301449235,"status":"passed","title":"canUserApproveStep - admin can always approve"},{"ancestorTitles":["TRA Model - Approval Workflow"],"duration":0,"failing":false,"failureDetails":[],"failureMessages":[],"fullName":"TRA Model - Approval Workflow canUserApproveStep - non-approver cannot approve","invocations":1,"location":null,"numPassingAsserts":1,"retryReasons":[],"startAt":1761301449236,"status":"passed","title":"canUserApproveStep - non-approver cannot approve"},{"ancestorTitles":["TRA Model - Approval Workflow"],"duration":0,"failing":false,"failureDetails":[],"failureMessages":[],"fullName":"TRA Model - Approval Workflow canUserApproveStep - returns false when no more steps","invocations":1,"location":null,"numPassingAsserts":1,"retryReasons":[],"startAt":1761301449236,"status":"passed","title":"canUserApproveStep - returns false when no more steps"},{"ancestorTitles":["TRA Model - Integration Tests"],"duration":0,"failing":false,"failureDetails":[],"failureMessages":[],"fullName":"TRA Model - Integration Tests Complete TRA creation workflow","invocations":1,"location":null,"numPassingAsserts":6,"retryReasons":[],"startAt":1761301449237,"status":"passed","title":"Complete TRA creation workflow"},{"ancestorTitles":["TRA Model - Integration Tests"],"duration":0,"failing":false,"failureDetails":[],"failureMessages":[],"fullName":"TRA Model - Integration Tests VCA compliance - validity period validation","invocations":1,"location":null,"numPassingAsserts":2,"retryReasons":[],"startAt":1761301449237,"status":"passed","title":"VCA compliance - validity period validation"},{"ancestorTitles":["TRA Model - Integration Tests"],"duration":0,"failing":false,"failureDetails":[],"failureMessages":[],"fullName":"TRA Model - Integration Tests Risk level grouping for dashboard display","invocations":1,"location":null,"numPassingAsserts":3,"retryReasons":[],"startAt":1761301449238,"status":"passed","title":"Risk level grouping for dashboard display"}],"endTime":1761301449257,"message":"\u001b[1m\u001b[31m  \u001b[1m● \u001b[22m\u001b[1mTRA Model - Validity Checks › isTRAExpiringSoon - returns true for TRA expiring within threshold\u001b[39m\u001b[22m\n\n    \u001b[2mexpect(\u001b[22m\u001b[31mreceived\u001b[39m\u001b[2m).\u001b[22mtoBe\u001b[2m(\u001b[22m\u001b[32mexpected\u001b[39m\u001b[2m) // Object.is equality\u001b[22m\n\n    Expected: \u001b[32mtrue\u001b[39m\n    Received: \u001b[31mfalse\u001b[39m\n\u001b[2m\u001b[22m\n\u001b[2m    \u001b[0m \u001b[90m 127 |\u001b[39m     } \u001b[36mas\u001b[39m \u001b[33mTRA\u001b[39m\u001b[33m;\u001b[39m\u001b[22m\n\u001b[2m     \u001b[90m 128 |\u001b[39m\u001b[22m\n\u001b[2m    \u001b[31m\u001b[1m>\u001b[22m\u001b[2m\u001b[39m\u001b[90m 129 |\u001b[39m     expect(isTRAExpiringSoon(tra\u001b[33m,\u001b[39m \u001b[35m30\u001b[39m))\u001b[33m.\u001b[39mtoBe(\u001b[36mtrue\u001b[39m)\u001b[33m;\u001b[39m\u001b[22m\n\u001b[2m     \u001b[90m     |\u001b[39m                                        \u001b[31m\u001b[1m^\u001b[22m\u001b[2m\u001b[39m\u001b[22m\n\u001b[2m     \u001b[90m 130 |\u001b[39m     expect(isTRAExpiringSoon(tra\u001b[33m,\u001b[39m \u001b[35m14\u001b[39m))\u001b[33m.\u001b[39mtoBe(\u001b[36mtrue\u001b[39m)\u001b[33m;\u001b[39m\u001b[22m\n\u001b[2m     \u001b[90m 131 |\u001b[39m     expect(isTRAExpiringSoon(tra\u001b[33m,\u001b[39m \u001b[35m12\u001b[39m))\u001b[33m.\u001b[39mtoBe(\u001b[36mfalse\u001b[39m)\u001b[33m;\u001b[39m\u001b[22m\n\u001b[2m     \u001b[90m 132 |\u001b[39m   })\u001b[33m;\u001b[39m\u001b[0m\u001b[22m\n\u001b[2m\u001b[22m\n\u001b[2m      \u001b[2mat Object.toBe (\u001b[22m\u001b[2m\u001b[0m\u001b[36msrc/__tests__/tra-model.test.ts\u001b[39m\u001b[0m\u001b[2m:129:40)\u001b[22m\u001b[2m\u001b[22m\n","name":"D:\\Programmeren\\MaasISO\\saasapps\\tra001\\web\\src\\__tests__\\tra-model.test.ts","startTime":1761301448951,"status":"failed","summary":""},{"assertionResults":[{"ancestorTitles":["Authentication System","User Registration"],"duration":5,"failing":false,"failureDetails":[{"matcherResult":{"expected":false,"message":"\u001b[2mexpect(\u001b[22m\u001b[31mreceived\u001b[39m\u001b[2m).\u001b[22mtoBe\u001b[2m(\u001b[22m\u001b[32mexpected\u001b[39m\u001b[2m) // Object.is equality\u001b[22m\n\nExpected: \u001b[32mfalse\u001b[39m\nReceived: \u001b[31mundefined\u001b[39m","name":"toBe","pass":false}}],"failureMessages":["Error: \u001b[2mexpect(\u001b[22m\u001b[31mreceived\u001b[39m\u001b[2m).\u001b[22mtoBe\u001b[2m(\u001b[22m\u001b[32mexpected\u001b[39m\u001b[2m) // Object.is equality\u001b[22m\n\nExpected: \u001b[32mfalse\u001b[39m\nReceived: \u001b[31mundefined\u001b[39m\n    at Object.toBe (D:\\Programmeren\\MaasISO\\saasapps\\tra001\\web\\src\\__tests__\\auth-system.test.ts:87:38)\n    at processTicksAndRejections (node:internal/process/task_queues:105:5)"],"fullName":"Authentication System User Registration should create user with email and password","invocations":1,"location":null,"numPassingAsserts":2,"retryReasons":[],"startAt":1761301449202,"status":"failed","title":"should create user with email and password"},{"ancestorTitles":["Authentication System","User Registration"],"duration":1,"failing":false,"failureDetails":[{}],"failureMessages":["Error: auth/email-already-in-use\n    at createUserWithEmailAndPassword (D:\\Programmeren\\MaasISO\\saasapps\\tra001\\web\\src\\__mocks__\\firebase-auth.ts:24:27)\n    at Object.<anonymous> (D:\\Programmeren\\MaasISO\\saasapps\\tra001\\web\\src\\__tests__\\auth-system.test.ts:92:57)\n    at Promise.finally.completed (D:\\Programmeren\\MaasISO\\saasapps\\tra001\\web\\node_modules\\jest-circus\\build\\jestAdapterInit.js:1557:28)\n    at new Promise (<anonymous>)\n    at callAsyncCircusFn (D:\\Programmeren\\MaasISO\\saasapps\\tra001\\web\\node_modules\\jest-circus\\build\\jestAdapterInit.js:1497:10)\n    at _callCircusTest (D:\\Programmeren\\MaasISO\\saasapps\\tra001\\web\\node_modules\\jest-circus\\build\\jestAdapterInit.js:1007:40)\n    at processTicksAndRejections (node:internal/process/task_queues:105:5)\n    at _runTest (D:\\Programmeren\\MaasISO\\saasapps\\tra001\\web\\node_modules\\jest-circus\\build\\jestAdapterInit.js:947:3)\n    at D:\\Programmeren\\MaasISO\\saasapps\\tra001\\web\\node_modules\\jest-circus\\build\\jestAdapterInit.js:849:7\n    at _runTestsForDescribeBlock (D:\\Programmeren\\MaasISO\\saasapps\\tra001\\web\\node_modules\\jest-circus\\build\\jestAdapterInit.js:862:11)\n    at _runTestsForDescribeBlock (D:\\Programmeren\\MaasISO\\saasapps\\tra001\\web\\node_modules\\jest-circus\\build\\jestAdapterInit.js:857:11)\n    at _runTestsForDescribeBlock (D:\\Programmeren\\MaasISO\\saasapps\\tra001\\web\\node_modules\\jest-circus\\build\\jestAdapterInit.js:857:11)\n    at run (D:\\Programmeren\\MaasISO\\saasapps\\tra001\\web\\node_modules\\jest-circus\\build\\jestAdapterInit.js:761:3)\n    at runAndTransformResultsToJestFormat (D:\\Programmeren\\MaasISO\\saasapps\\tra001\\web\\node_modules\\jest-circus\\build\\jestAdapterInit.js:1918:21)\n    at jestAdapter (D:\\Programmeren\\MaasISO\\saasapps\\tra001\\web\\node_modules\\jest-circus\\build\\runner.js:101:19)\n    at runTestInternal (D:\\Programmeren\\MaasISO\\saasapps\\tra001\\web\\node_modules\\jest-runner\\build\\testWorker.js:275:16)\n    at runTest (D:\\Programmeren\\MaasISO\\saasapps\\tra001\\web\\node_modules\\jest-runner\\build\\testWorker.js:343:7)\n    at Object.worker (D:\\Programmeren\\MaasISO\\saasapps\\tra001\\web\\node_modules\\jest-runner\\build\\testWorker.js:497:12)"],"fullName":"Authentication System User Registration should create user profile in Firestore","invocations":1,"location":null,"numPassingAsserts":0,"retryReasons":[],"startAt":1761301449215,"status":"failed","title":"should create user profile in Firestore"},{"ancestorTitles":["Authentication System","User Registration"],"duration":1,"failing":false,"failureDetails":[],"failureMessages":[],"fullName":"Authentication System User Registration should reject weak passwords","invocations":1,"location":null,"numPassingAsserts":1,"retryReasons":[],"startAt":1761301449220,"status":"passed","title":"should reject weak passwords"},{"ancestorTitles":["Authentication System","User Registration"],"duration":1,"failing":false,"failureDetails":[],"failureMessages":[],"fullName":"Authentication System User Registration should reject invalid email formats","invocations":1,"location":null,"numPassingAsserts":1,"retryReasons":[],"startAt":1761301449221,"status":"passed","title":"should reject invalid email formats"},{"ancestorTitles":["Authentication System","User Authentication"],"duration":1,"failing":false,"failureDetails":[],"failureMessages":[],"fullName":"Authentication System User Authentication should sign in with valid credentials","invocations":1,"location":null,"numPassingAsserts":2,"retryReasons":[],"startAt":1761301449222,"status":"passed","title":"should sign in with valid credentials"},{"ancestorTitles":["Authentication System","User Authentication"],"duration":1,"failing":false,"failureDetails":[],"failureMessages":[],"fullName":"Authentication System User Authentication should reject invalid credentials","invocations":1,"location":null,"numPassingAsserts":1,"retryReasons":[],"startAt":1761301449223,"status":"passed","title":"should reject invalid credentials"},{"ancestorTitles":["Authentication System","User Authentication"],"duration":0,"failing":false,"failureDetails":[],"failureMessages":[],"fullName":"Authentication System User Authentication should sign out successfully","invocations":1,"location":null,"numPassingAsserts":1,"retryReasons":[],"startAt":1761301449225,"status":"passed","title":"should sign out successfully"},{"ancestorTitles":["Authentication System","Password Reset"],"duration":1,"failing":false,"failureDetails":[],"failureMessages":[],"fullName":"Authentication System Password Reset should send password reset email","invocations":1,"location":null,"numPassingAsserts":1,"retryReasons":[],"startAt":1761301449225,"status":"passed","title":"should send password reset email"},{"ancestorTitles":["Authentication System","Password Reset"],"duration":2,"failing":false,"failureDetails":[],"failureMessages":[],"fullName":"Authentication System Password Reset should reject password reset for non-existent user","invocations":1,"location":null,"numPassingAsserts":1,"retryReasons":[],"startAt":1761301449226,"status":"passed","title":"should reject password reset for non-existent user"},{"ancestorTitles":["Authentication System","Role-Based Access Control"],"duration":1,"failing":false,"failureDetails":[],"failureMessages":[],"fullName":"Authentication System Role-Based Access Control should create organization with admin role","invocations":1,"location":null,"numPassingAsserts":2,"retryReasons":[],"startAt":1761301449228,"status":"passed","title":"should create organization with admin role"},{"ancestorTitles":["Authentication System","Role-Based Access Control"],"duration":0,"failing":false,"failureDetails":[],"failureMessages":[],"fullName":"Authentication System Role-Based Access Control should assign user roles correctly","invocations":1,"location":null,"numPassingAsserts":0,"retryReasons":[],"startAt":1761301449229,"status":"passed","title":"should assign user roles correctly"},{"ancestorTitles":["Authentication System","Role-Based Access Control"],"duration":1,"failing":false,"failureDetails":[],"failureMessages":[],"fullName":"Authentication System Role-Based Access Control should enforce organization isolation","invocations":1,"location":null,"numPassingAsserts":0,"retryReasons":[],"startAt":1761301449229,"status":"passed","title":"should enforce organization isolation"},{"ancestorTitles":["Authentication System","User Profile Management"],"duration":0,"failing":false,"failureDetails":[{}],"failureMessages":["Error: auth/email-already-in-use\n    at createUserWithEmailAndPassword (D:\\Programmeren\\MaasISO\\saasapps\\tra001\\web\\src\\__mocks__\\firebase-auth.ts:24:27)\n    at Object.<anonymous> (D:\\Programmeren\\MaasISO\\saasapps\\tra001\\web\\src\\__tests__\\auth-system.test.ts:239:57)\n    at Promise.finally.completed (D:\\Programmeren\\MaasISO\\saasapps\\tra001\\web\\node_modules\\jest-circus\\build\\jestAdapterInit.js:1557:28)\n    at new Promise (<anonymous>)\n    at callAsyncCircusFn (D:\\Programmeren\\MaasISO\\saasapps\\tra001\\web\\node_modules\\jest-circus\\build\\jestAdapterInit.js:1497:10)\n    at _callCircusHook (D:\\Programmeren\\MaasISO\\saasapps\\tra001\\web\\node_modules\\jest-circus\\build\\jestAdapterInit.js:976:40)\n    at processTicksAndRejections (node:internal/process/task_queues:105:5)\n    at _runTest (D:\\Programmeren\\MaasISO\\saasapps\\tra001\\web\\node_modules\\jest-circus\\build\\jestAdapterInit.js:941:5)\n    at D:\\Programmeren\\MaasISO\\saasapps\\tra001\\web\\node_modules\\jest-circus\\build\\jestAdapterInit.js:849:7\n    at _runTestsForDescribeBlock (D:\\Programmeren\\MaasISO\\saasapps\\tra001\\web\\node_modules\\jest-circus\\build\\jestAdapterInit.js:862:11)\n    at _runTestsForDescribeBlock (D:\\Programmeren\\MaasISO\\saasapps\\tra001\\web\\node_modules\\jest-circus\\build\\jestAdapterInit.js:857:11)\n    at _runTestsForDescribeBlock (D:\\Programmeren\\MaasISO\\saasapps\\tra001\\web\\node_modules\\jest-circus\\build\\jestAdapterInit.js:857:11)\n    at run (D:\\Programmeren\\MaasISO\\saasapps\\tra001\\web\\node_modules\\jest-circus\\build\\jestAdapterInit.js:761:3)\n    at runAndTransformResultsToJestFormat (D:\\Programmeren\\MaasISO\\saasapps\\tra001\\web\\node_modules\\jest-circus\\build\\jestAdapterInit.js:1918:21)\n    at jestAdapter (D:\\Programmeren\\MaasISO\\saasapps\\tra001\\web\\node_modules\\jest-circus\\build\\runner.js:101:19)\n    at runTestInternal (D:\\Programmeren\\MaasISO\\saasapps\\tra001\\web\\node_modules\\jest-runner\\build\\testWorker.js:275:16)\n    at runTest (D:\\Programmeren\\MaasISO\\saasapps\\tra001\\web\\node_modules\\jest-runner\\build\\testWorker.js:343:7)\n    at Object.worker (D:\\Programmeren\\MaasISO\\saasapps\\tra001\\web\\node_modules\\jest-runner\\build\\testWorker.js:497:12)"],"fullName":"Authentication System User Profile Management should update user profile","invocations":1,"location":null,"numPassingAsserts":0,"retryReasons":[],"startAt":1761301449230,"status":"failed","title":"should update user profile"},{"ancestorTitles":["Authentication System","User Profile Management"],"duration":0,"failing":false,"failureDetails":[{}],"failureMessages":["Error: auth/email-already-in-use\n    at createUserWithEmailAndPassword (D:\\Programmeren\\MaasISO\\saasapps\\tra001\\web\\src\\__mocks__\\firebase-auth.ts:24:27)\n    at Object.<anonymous> (D:\\Programmeren\\MaasISO\\saasapps\\tra001\\web\\src\\__tests__\\auth-system.test.ts:239:57)\n    at Promise.finally.completed (D:\\Programmeren\\MaasISO\\saasapps\\tra001\\web\\node_modules\\jest-circus\\build\\jestAdapterInit.js:1557:28)\n    at new Promise (<anonymous>)\n    at callAsyncCircusFn (D:\\Programmeren\\MaasISO\\saasapps\\tra001\\web\\node_modules\\jest-circus\\build\\jestAdapterInit.js:1497:10)\n    at _callCircusHook (D:\\Programmeren\\MaasISO\\saasapps\\tra001\\web\\node_modules\\jest-circus\\build\\jestAdapterInit.js:976:40)\n    at processTicksAndRejections (node:internal/process/task_queues:105:5)\n    at _runTest (D:\\Programmeren\\MaasISO\\saasapps\\tra001\\web\\node_modules\\jest-circus\\build\\jestAdapterInit.js:941:5)\n    at D:\\Programmeren\\MaasISO\\saasapps\\tra001\\web\\node_modules\\jest-circus\\build\\jestAdapterInit.js:849:7\n    at _runTestsForDescribeBlock (D:\\Programmeren\\MaasISO\\saasapps\\tra001\\web\\node_modules\\jest-circus\\build\\jestAdapterInit.js:862:11)\n    at _runTestsForDescribeBlock (D:\\Programmeren\\MaasISO\\saasapps\\tra001\\web\\node_modules\\jest-circus\\build\\jestAdapterInit.js:857:11)\n    at _runTestsForDescribeBlock (D:\\Programmeren\\MaasISO\\saasapps\\tra001\\web\\node_modules\\jest-circus\\build\\jestAdapterInit.js:857:11)\n    at run (D:\\Programmeren\\MaasISO\\saasapps\\tra001\\web\\node_modules\\jest-circus\\build\\jestAdapterInit.js:761:3)\n    at runAndTransformResultsToJestFormat (D:\\Programmeren\\MaasISO\\saasapps\\tra001\\web\\node_modules\\jest-circus\\build\\jestAdapterInit.js:1918:21)\n    at jestAdapter (D:\\Programmeren\\MaasISO\\saasapps\\tra001\\web\\node_modules\\jest-circus\\build\\runner.js:101:19)\n    at runTestInternal (D:\\Programmeren\\MaasISO\\saasapps\\tra001\\web\\node_modules\\jest-runner\\build\\testWorker.js:275:16)\n    at runTest (D:\\Programmeren\\MaasISO\\saasapps\\tra001\\web\\node_modules\\jest-runner\\build\\testWorker.js:343:7)\n    at Object.worker (D:\\Programmeren\\MaasISO\\saasapps\\tra001\\web\\node_modules\\jest-runner\\build\\testWorker.js:497:12)"],"fullName":"Authentication System User Profile Management should track last login timestamp","invocations":1,"location":null,"numPassingAsserts":0,"retryReasons":[],"startAt":1761301449231,"status":"failed","title":"should track last login timestamp"},{"ancestorTitles":["Authentication System","Data Validation"],"duration":1,"failing":false,"failureDetails":[],"failureMessages":[],"fullName":"Authentication System Data Validation should validate email format","invocations":1,"location":null,"numPassingAsserts":7,"retryReasons":[],"startAt":1761301449231,"status":"passed","title":"should validate email format"},{"ancestorTitles":["Authentication System","Data Validation"],"duration":1,"failing":false,"failureDetails":[],"failureMessages":[],"fullName":"Authentication System Data Validation should validate password strength","invocations":1,"location":null,"numPassingAsserts":7,"retryReasons":[],"startAt":1761301449232,"status":"passed","title":"should validate password strength"}],"endTime":1761301449262,"message":"\u001b[1m\u001b[31m  \u001b[1m● \u001b[22m\u001b[1mAuthentication System › User Registration › should create user with email and password\u001b[39m\u001b[22m\n\n    \u001b[2mexpect(\u001b[22m\u001b[31mreceived\u001b[39m\u001b[2m).\u001b[22mtoBe\u001b[2m(\u001b[22m\u001b[32mexpected\u001b[39m\u001b[2m) // Object.is equality\u001b[22m\n\n    Expected: \u001b[32mfalse\u001b[39m\n    Received: \u001b[31mundefined\u001b[39m\n\u001b[2m\u001b[22m\n\u001b[2m    \u001b[0m \u001b[90m 85 |\u001b[39m       expect(testUser)\u001b[33m.\u001b[39mtoBeDefined()\u001b[33m;\u001b[39m\u001b[22m\n\u001b[2m     \u001b[90m 86 |\u001b[39m       expect(testUser\u001b[33m.\u001b[39memail)\u001b[33m.\u001b[39mtoBe(testEmail)\u001b[33m;\u001b[39m\u001b[22m\n\u001b[2m    \u001b[31m\u001b[1m>\u001b[22m\u001b[2m\u001b[39m\u001b[90m 87 |\u001b[39m       expect(testUser\u001b[33m.\u001b[39memailVerified)\u001b[33m.\u001b[39mtoBe(\u001b[36mfalse\u001b[39m)\u001b[33m;\u001b[39m\u001b[22m\n\u001b[2m     \u001b[90m    |\u001b[39m                                      \u001b[31m\u001b[1m^\u001b[22m\u001b[2m\u001b[39m\u001b[22m\n\u001b[2m     \u001b[90m 88 |\u001b[39m     })\u001b[33m;\u001b[39m\u001b[22m\n\u001b[2m     \u001b[90m 89 |\u001b[39m\u001b[22m\n\u001b[2m     \u001b[90m 90 |\u001b[39m     test(\u001b[32m\"should create user profile in Firestore\"\u001b[39m\u001b[33m,\u001b[39m \u001b[36masync\u001b[39m () \u001b[33m=>\u001b[39m {\u001b[0m\u001b[22m\n\u001b[2m\u001b[22m\n\u001b[2m      \u001b[2mat Object.toBe (\u001b[22m\u001b[2m\u001b[0m\u001b[36msrc/__tests__/auth-system.test.ts\u001b[39m\u001b[0m\u001b[2m:87:38)\u001b[22m\u001b[2m\u001b[22m\n\n\u001b[1m\u001b[31m  \u001b[1m● \u001b[22m\u001b[1mAuthentication System › User Registration › should create user profile in Firestore\u001b[39m\u001b[22m\n\n    auth/email-already-in-use\n\u001b[2m\u001b[22m\n\u001b[2m    \u001b[0m \u001b[90m 22 |\u001b[39m   }\u001b[22m\n\u001b[2m     \u001b[90m 23 |\u001b[39m   \u001b[36mif\u001b[39m (__mockUsers[email]) {\u001b[22m\n\u001b[2m    \u001b[31m\u001b[1m>\u001b[22m\u001b[2m\u001b[39m\u001b[90m 24 |\u001b[39m     \u001b[36mreturn\u001b[39m \u001b[33mPromise\u001b[39m\u001b[33m.\u001b[39mreject(\u001b[36mnew\u001b[39m \u001b[33mError\u001b[39m(\u001b[32m\"auth/email-already-in-use\"\u001b[39m))\u001b[33m;\u001b[39m\u001b[22m\n\u001b[2m     \u001b[90m    |\u001b[39m                           \u001b[31m\u001b[1m^\u001b[22m\u001b[2m\u001b[39m\u001b[22m\n\u001b[2m     \u001b[90m 25 |\u001b[39m   }\u001b[22m\n\u001b[2m     \u001b[90m 26 |\u001b[39m   \u001b[36mconst\u001b[39m user \u001b[33m=\u001b[39m { uid\u001b[33m:\u001b[39m \u001b[32m`uid-${Math.random().toString(36).slice(2, 9)}`\u001b[39m\u001b[33m,\u001b[39m email\u001b[33m,\u001b[39m displayName\u001b[33m:\u001b[39m \u001b[36mnull\u001b[39m\u001b[33m,\u001b[39m photoURL\u001b[33m:\u001b[39m \u001b[36mnull\u001b[39m }\u001b[33m;\u001b[39m\u001b[22m\n\u001b[2m     \u001b[90m 27 |\u001b[39m   __mockUsers[email] \u001b[33m=\u001b[39m { password\u001b[33m,\u001b[39m user }\u001b[33m;\u001b[39m\u001b[0m\u001b[22m\n\u001b[2m\u001b[22m\n\u001b[2m      \u001b[2mat createUserWithEmailAndPassword (\u001b[22m\u001b[2msrc/__mocks__/firebase-auth.ts\u001b[2m:24:27)\u001b[22m\u001b[2m\u001b[22m\n\u001b[2m      \u001b[2mat Object.<anonymous> (\u001b[22m\u001b[2m\u001b[0m\u001b[36msrc/__tests__/auth-system.test.ts\u001b[39m\u001b[0m\u001b[2m:92:57)\u001b[22m\u001b[2m\u001b[22m\n\n\u001b[1m\u001b[31m  \u001b[1m● \u001b[22m\u001b[1mAuthentication System › User Profile Management › should update user profile\u001b[39m\u001b[22m\n\n    auth/email-already-in-use\n\u001b[2m\u001b[22m\n\u001b[2m    \u001b[0m \u001b[90m 22 |\u001b[39m   }\u001b[22m\n\u001b[2m     \u001b[90m 23 |\u001b[39m   \u001b[36mif\u001b[39m (__mockUsers[email]) {\u001b[22m\n\u001b[2m    \u001b[31m\u001b[1m>\u001b[22m\u001b[2m\u001b[39m\u001b[90m 24 |\u001b[39m     \u001b[36mreturn\u001b[39m \u001b[33mPromise\u001b[39m\u001b[33m.\u001b[39mreject(\u001b[36mnew\u001b[39m \u001b[33mError\u001b[39m(\u001b[32m\"auth/email-already-in-use\"\u001b[39m))\u001b[33m;\u001b[39m\u001b[22m\n\u001b[2m     \u001b[90m    |\u001b[39m                           \u001b[31m\u001b[1m^\u001b[22m\u001b[2m\u001b[39m\u001b[22m\n\u001b[2m     \u001b[90m 25 |\u001b[39m   }\u001b[22m\n\u001b[2m     \u001b[90m 26 |\u001b[39m   \u001b[36mconst\u001b[39m user \u001b[33m=\u001b[39m { uid\u001b[33m:\u001b[39m \u001b[32m`uid-${Math.random().toString(36).slice(2, 9)}`\u001b[39m\u001b[33m,\u001b[39m email\u001b[33m,\u001b[39m displayName\u001b[33m:\u001b[39m \u001b[36mnull\u001b[39m\u001b[33m,\u001b[39m photoURL\u001b[33m:\u001b[39m \u001b[36mnull\u001b[39m }\u001b[33m;\u001b[39m\u001b[22m\n\u001b[2m     \u001b[90m 27 |\u001b[39m   __mockUsers[email] \u001b[33m=\u001b[39m { password\u001b[33m,\u001b[39m user }\u001b[33m;\u001b[39m\u001b[0m\u001b[22m\n\u001b[2m\u001b[22m\n\u001b[2m      \u001b[2mat createUserWithEmailAndPassword (\u001b[22m\u001b[2msrc/__mocks__/firebase-auth.ts\u001b[2m:24:27)\u001b[22m\u001b[2m\u001b[22m\n\u001b[2m      \u001b[2mat Object.<anonymous> (\u001b[22m\u001b[2m\u001b[0m\u001b[36msrc/__tests__/auth-system.test.ts\u001b[39m\u001b[0m\u001b[2m:239:57)\u001b[22m\u001b[2m\u001b[22m\n\n\u001b[1m\u001b[31m  \u001b[1m● \u001b[22m\u001b[1mAuthentication System › User Profile Management › should track last login timestamp\u001b[39m\u001b[22m\n\n    auth/email-already-in-use\n\u001b[2m\u001b[22m\n\u001b[2m    \u001b[0m \u001b[90m 22 |\u001b[39m   }\u001b[22m\n\u001b[2m     \u001b[90m 23 |\u001b[39m   \u001b[36mif\u001b[39m (__mockUsers[email]) {\u001b[22m\n\u001b[2m    \u001b[31m\u001b[1m>\u001b[22m\u001b[2m\u001b[39m\u001b[90m 24 |\u001b[39m     \u001b[36mreturn\u001b[39m \u001b[33mPromise\u001b[39m\u001b[33m.\u001b[39mreject(\u001b[36mnew\u001b[39m \u001b[33mError\u001b[39m(\u001b[32m\"auth/email-already-in-use\"\u001b[39m))\u001b[33m;\u001b[39m\u001b[22m\n\u001b[2m     \u001b[90m    |\u001b[39m                           \u001b[31m\u001b[1m^\u001b[22m\u001b[2m\u001b[39m\u001b[22m\n\u001b[2m     \u001b[90m 25 |\u001b[39m   }\u001b[22m\n\u001b[2m     \u001b[90m 26 |\u001b[39m   \u001b[36mconst\u001b[39m user \u001b[33m=\u001b[39m { uid\u001b[33m:\u001b[39m \u001b[32m`uid-${Math.random().toString(36).slice(2, 9)}`\u001b[39m\u001b[33m,\u001b[39m email\u001b[33m,\u001b[39m displayName\u001b[33m:\u001b[39m \u001b[36mnull\u001b[39m\u001b[33m,\u001b[39m photoURL\u001b[33m:\u001b[39m \u001b[36mnull\u001b[39m }\u001b[33m;\u001b[39m\u001b[22m\n\u001b[2m     \u001b[90m 27 |\u001b[39m   __mockUsers[email] \u001b[33m=\u001b[39m { password\u001b[33m,\u001b[39m user }\u001b[33m;\u001b[39m\u001b[0m\u001b[22m\n\u001b[2m\u001b[22m\n\u001b[2m      \u001b[2mat createUserWithEmailAndPassword (\u001b[22m\u001b[2msrc/__mocks__/firebase-auth.ts\u001b[2m:24:27)\u001b[22m\u001b[2m\u001b[22m\n\u001b[2m      \u001b[2mat Object.<anonymous> (\u001b[22m\u001b[2m\u001b[0m\u001b[36msrc/__tests__/auth-system.test.ts\u001b[39m\u001b[0m\u001b[2m:239:57)\u001b[22m\u001b[2m\u001b[22m\n","name":"D:\\Programmeren\\MaasISO\\saasapps\\tra001\\web\\src\\__tests__\\auth-system.test.ts","startTime":1761301448929,"status":"failed","summary":""},{"assertionResults":[{"ancestorTitles":["LocationService","getCurrentLocation"],"duration":6,"failing":false,"failureDetails":[],"failureMessages":[],"fullName":"LocationService getCurrentLocation should successfully get current location with high accuracy","invocations":1,"location":null,"numPassingAsserts":7,"retryReasons":[],"startAt":1761301449184,"status":"passed","title":"should successfully get current location with high accuracy"},{"ancestorTitles":["LocationService","getCurrentLocation"],"duration":3,"failing":false,"failureDetails":[{"matcherResult":{"actual":"UNKNOWN_ERROR","expected":"PERMISSION_DENIED","message":"\u001b[2mexpect(\u001b[22m\u001b[31mreceived\u001b[39m\u001b[2m).\u001b[22mtoBe\u001b[2m(\u001b[22m\u001b[32mexpected\u001b[39m\u001b[2m) // Object.is equality\u001b[22m\n\nExpected: \u001b[32m\"PERMISSION_DENIED\"\u001b[39m\nReceived: \u001b[31m\"UNKNOWN_ERROR\"\u001b[39m","name":"toBe","pass":false}}],"failureMessages":["Error: \u001b[2mexpect(\u001b[22m\u001b[31mreceived\u001b[39m\u001b[2m).\u001b[22mtoBe\u001b[2m(\u001b[22m\u001b[32mexpected\u001b[39m\u001b[2m) // Object.is equality\u001b[22m\n\nExpected: \u001b[32m\"PERMISSION_DENIED\"\u001b[39m\nReceived: \u001b[31m\"UNKNOWN_ERROR\"\u001b[39m\n    at Object.toBe (D:\\Programmeren\\MaasISO\\saasapps\\tra001\\web\\src\\__tests__\\location-service.test.ts:103:36)\n    at processTicksAndRejections (node:internal/process/task_queues:105:5)"],"fullName":"LocationService getCurrentLocation should handle permission denied error","invocations":1,"location":null,"numPassingAsserts":2,"retryReasons":[],"startAt":1761301449191,"status":"failed","title":"should handle permission denied error"},{"ancestorTitles":["LocationService","getCurrentLocation"],"duration":1,"failing":false,"failureDetails":[{"matcherResult":{"actual":"UNKNOWN_ERROR","expected":"TIMEOUT","message":"\u001b[2mexpect(\u001b[22m\u001b[31mreceived\u001b[39m\u001b[2m).\u001b[22mtoBe\u001b[2m(\u001b[22m\u001b[32mexpected\u001b[39m\u001b[2m) // Object.is equality\u001b[22m\n\nExpected: \u001b[32m\"TIMEOUT\"\u001b[39m\nReceived: \u001b[31m\"UNKNOWN_ERROR\"\u001b[39m","name":"toBe","pass":false}}],"failureMessages":["Error: \u001b[2mexpect(\u001b[22m\u001b[31mreceived\u001b[39m\u001b[2m).\u001b[22mtoBe\u001b[2m(\u001b[22m\u001b[32mexpected\u001b[39m\u001b[2m) // Object.is equality\u001b[22m\n\nExpected: \u001b[32m\"TIMEOUT\"\u001b[39m\nReceived: \u001b[31m\"UNKNOWN_ERROR\"\u001b[39m\n    at Object.toBe (D:\\Programmeren\\MaasISO\\saasapps\\tra001\\web\\src\\__tests__\\location-service.test.ts:127:36)\n    at processTicksAndRejections (node:internal/process/task_queues:105:5)"],"fullName":"LocationService getCurrentLocation should handle timeout error","invocations":1,"location":null,"numPassingAsserts":2,"retryReasons":[],"startAt":1761301449199,"status":"failed","title":"should handle timeout error"},{"ancestorTitles":["LocationService","getCurrentLocation"],"duration":0,"failing":false,"failureDetails":[],"failureMessages":[],"fullName":"LocationService getCurrentLocation should return error when privacy consent is not granted","invocations":1,"location":null,"numPassingAsserts":4,"retryReasons":[],"startAt":1761301449201,"status":"passed","title":"should return error when privacy consent is not granted"},{"ancestorTitles":["LocationService","getCurrentLocation"],"duration":1,"failing":false,"failureDetails":[],"failureMessages":[],"fullName":"LocationService getCurrentLocation should validate coordinates and return error for invalid location","invocations":1,"location":null,"numPassingAsserts":4,"retryReasons":[],"startAt":1761301449201,"status":"passed","title":"should validate coordinates and return error for invalid location"},{"ancestorTitles":["LocationService","startWatchingLocation"],"duration":1,"failing":false,"failureDetails":[],"failureMessages":[],"fullName":"LocationService startWatchingLocation should start watching location with callback","invocations":1,"location":null,"numPassingAsserts":2,"retryReasons":[],"startAt":1761301449202,"status":"passed","title":"should start watching location with callback"},{"ancestorTitles":["LocationService","startWatchingLocation"],"duration":41,"failing":false,"failureDetails":[{"matcherResult":{"actual":true,"expected":false,"message":"\u001b[2mexpect(\u001b[22m\u001b[31mreceived\u001b[39m\u001b[2m).\u001b[22mtoBe\u001b[2m(\u001b[22m\u001b[32mexpected\u001b[39m\u001b[2m) // Object.is equality\u001b[22m\n\nExpected: \u001b[32mfalse\u001b[39m\nReceived: \u001b[31mtrue\u001b[39m","name":"toBe","pass":false}}],"failureMessages":["Error: \u001b[2mexpect(\u001b[22m\u001b[31mreceived\u001b[39m\u001b[2m).\u001b[22mtoBe\u001b[2m(\u001b[22m\u001b[32mexpected\u001b[39m\u001b[2m) // Object.is equality\u001b[22m\n\nExpected: \u001b[32mfalse\u001b[39m\nReceived: \u001b[31mtrue\u001b[39m\n    at Object.toBe (D:\\Programmeren\\MaasISO\\saasapps\\tra001\\web\\src\\__tests__\\location-service.test.ts:206:23)\n    at processTicksAndRejections (node:internal/process/task_queues:105:5)"],"fullName":"LocationService startWatchingLocation should fail to start watching when privacy consent is not granted","invocations":1,"location":null,"numPassingAsserts":0,"retryReasons":[],"startAt":1761301449203,"status":"failed","title":"should fail to start watching when privacy consent is not granted"},{"ancestorTitles":["LocationService","stopWatchingLocation"],"duration":1,"failing":false,"failureDetails":[],"failureMessages":[],"fullName":"LocationService stopWatchingLocation should stop watching location","invocations":1,"location":null,"numPassingAsserts":1,"retryReasons":[],"startAt":1761301449244,"status":"passed","title":"should stop watching location"},{"ancestorTitles":["LocationService","location caching"],"duration":2,"failing":false,"failureDetails":[],"failureMessages":[],"fullName":"LocationService location caching should cache location when offline caching is enabled","invocations":1,"location":null,"numPassingAsserts":2,"retryReasons":[],"startAt":1761301449245,"status":"passed","title":"should cache location when offline caching is enabled"},{"ancestorTitles":["LocationService","location caching"],"duration":4,"failing":false,"failureDetails":[{"matcherResult":{"message":"\u001b[2mexpect(\u001b[22m\u001b[31mreceived\u001b[39m\u001b[2m).\u001b[22mtoHaveLength\u001b[2m(\u001b[22m\u001b[32mexpected\u001b[39m\u001b[2m)\u001b[22m\n\nExpected length: \u001b[32m1\u001b[39m\nReceived length: \u001b[31m2\u001b[39m\nReceived array:  \u001b[31m[{\"coordinates\": {\"accuracy\": 5, \"altitude\": null, \"altitudeAccuracy\": null, \"heading\": null, \"latitude\": 52.3676, \"longitude\": 4.9041, \"speed\": null}, \"id\": \"loc_1761301449188_fwchvkega\", \"metadata\": {\"deviceId\": \"granted\", \"isOffline\": false, \"privacyConsent\": true, \"projectId\": undefined, \"sessionId\": undefined, \"source\": \"gps\", \"traId\": undefined, \"verificationMethod\": \"auto\"}, \"timestamps\": {\"capturedAt\": 2025-10-24T10:24:09.188Z, \"expiresAt\": 2025-10-24T11:24:09.188Z, \"lastVerifiedAt\": 2025-10-24T10:24:09.188Z}, \"verificationScore\": 80, \"verificationStatus\": \"verified\"}, {\"coordinates\": {\"accuracy\": 5, \"altitude\": null, \"altitudeAccuracy\": null, \"heading\": null, \"latitude\": 52.3676, \"longitude\": 4.9041, \"speed\": null}, \"id\": \"loc_1761301449246_l1xbfdixo\", \"metadata\": {\"deviceId\": \"granted\", \"isOffline\": false, \"privacyConsent\": true, \"projectId\": undefined, \"sessionId\": undefined, \"source\": \"gps\", \"traId\": undefined, \"verificationMethod\": \"auto\"}, \"timestamps\": {\"capturedAt\": 2025-10-24T10:24:09.245Z, \"expiresAt\": 2025-10-24T11:24:09.246Z, \"lastVerifiedAt\": 2025-10-24T10:24:09.246Z}, \"verificationScore\": 80, \"verificationStatus\": \"verified\"}]\u001b[39m","pass":false}}],"failureMessages":["Error: \u001b[2mexpect(\u001b[22m\u001b[31mreceived\u001b[39m\u001b[2m).\u001b[22mtoHaveLength\u001b[2m(\u001b[22m\u001b[32mexpected\u001b[39m\u001b[2m)\u001b[22m\n\nExpected length: \u001b[32m1\u001b[39m\nReceived length: \u001b[31m2\u001b[39m\nReceived array:  \u001b[31m[{\"coordinates\": {\"accuracy\": 5, \"altitude\": null, \"altitudeAccuracy\": null, \"heading\": null, \"latitude\": 52.3676, \"longitude\": 4.9041, \"speed\": null}, \"id\": \"loc_1761301449188_fwchvkega\", \"metadata\": {\"deviceId\": \"granted\", \"isOffline\": false, \"privacyConsent\": true, \"projectId\": undefined, \"sessionId\": undefined, \"source\": \"gps\", \"traId\": undefined, \"verificationMethod\": \"auto\"}, \"timestamps\": {\"capturedAt\": 2025-10-24T10:24:09.188Z, \"expiresAt\": 2025-10-24T11:24:09.188Z, \"lastVerifiedAt\": 2025-10-24T10:24:09.188Z}, \"verificationScore\": 80, \"verificationStatus\": \"verified\"}, {\"coordinates\": {\"accuracy\": 5, \"altitude\": null, \"altitudeAccuracy\": null, \"heading\": null, \"latitude\": 52.3676, \"longitude\": 4.9041, \"speed\": null}, \"id\": \"loc_1761301449246_l1xbfdixo\", \"metadata\": {\"deviceId\": \"granted\", \"isOffline\": false, \"privacyConsent\": true, \"projectId\": undefined, \"sessionId\": undefined, \"source\": \"gps\", \"traId\": undefined, \"verificationMethod\": \"auto\"}, \"timestamps\": {\"capturedAt\": 2025-10-24T10:24:09.245Z, \"expiresAt\": 2025-10-24T11:24:09.246Z, \"lastVerifiedAt\": 2025-10-24T10:24:09.246Z}, \"verificationScore\": 80, \"verificationStatus\": \"verified\"}]\u001b[39m\n    at Object.toHaveLength (D:\\Programmeren\\MaasISO\\saasapps\\tra001\\web\\src\\__tests__\\location-service.test.ts:291:31)\n    at Promise.finally.completed (D:\\Programmeren\\MaasISO\\saasapps\\tra001\\web\\node_modules\\jest-circus\\build\\jestAdapterInit.js:1557:28)\n    at new Promise (<anonymous>)\n    at callAsyncCircusFn (D:\\Programmeren\\MaasISO\\saasapps\\tra001\\web\\node_modules\\jest-circus\\build\\jestAdapterInit.js:1497:10)\n    at _callCircusTest (D:\\Programmeren\\MaasISO\\saasapps\\tra001\\web\\node_modules\\jest-circus\\build\\jestAdapterInit.js:1007:40)\n    at processTicksAndRejections (node:internal/process/task_queues:105:5)\n    at _runTest (D:\\Programmeren\\MaasISO\\saasapps\\tra001\\web\\node_modules\\jest-circus\\build\\jestAdapterInit.js:947:3)\n    at D:\\Programmeren\\MaasISO\\saasapps\\tra001\\web\\node_modules\\jest-circus\\build\\jestAdapterInit.js:849:7\n    at _runTestsForDescribeBlock (D:\\Programmeren\\MaasISO\\saasapps\\tra001\\web\\node_modules\\jest-circus\\build\\jestAdapterInit.js:862:11)\n    at _runTestsForDescribeBlock (D:\\Programmeren\\MaasISO\\saasapps\\tra001\\web\\node_modules\\jest-circus\\build\\jestAdapterInit.js:857:11)\n    at _runTestsForDescribeBlock (D:\\Programmeren\\MaasISO\\saasapps\\tra001\\web\\node_modules\\jest-circus\\build\\jestAdapterInit.js:857:11)\n    at run (D:\\Programmeren\\MaasISO\\saasapps\\tra001\\web\\node_modules\\jest-circus\\build\\jestAdapterInit.js:761:3)\n    at runAndTransformResultsToJestFormat (D:\\Programmeren\\MaasISO\\saasapps\\tra001\\web\\node_modules\\jest-circus\\build\\jestAdapterInit.js:1918:21)\n    at jestAdapter (D:\\Programmeren\\MaasISO\\saasapps\\tra001\\web\\node_modules\\jest-circus\\build\\runner.js:101:19)\n    at runTestInternal (D:\\Programmeren\\MaasISO\\saasapps\\tra001\\web\\node_modules\\jest-runner\\build\\testWorker.js:275:16)\n    at runTest (D:\\Programmeren\\MaasISO\\saasapps\\tra001\\web\\node_modules\\jest-runner\\build\\testWorker.js:343:7)\n    at Object.worker (D:\\Programmeren\\MaasISO\\saasapps\\tra001\\web\\node_modules\\jest-runner\\build\\testWorker.js:497:12)"],"fullName":"LocationService location caching should retrieve cached locations","invocations":1,"location":null,"numPassingAsserts":0,"retryReasons":[],"startAt":1761301449247,"status":"failed","title":"should retrieve cached locations"},{"ancestorTitles":["LocationService","location caching"],"duration":0,"failing":false,"failureDetails":[],"failureMessages":[],"fullName":"LocationService location caching should clear location cache","invocations":1,"location":null,"numPassingAsserts":1,"retryReasons":[],"startAt":1761301449252,"status":"passed","title":"should clear location cache"},{"ancestorTitles":["LocationService","settings management"],"duration":0,"failing":false,"failureDetails":[],"failureMessages":[],"fullName":"LocationService settings management should update location settings","invocations":1,"location":null,"numPassingAsserts":2,"retryReasons":[],"startAt":1761301449253,"status":"passed","title":"should update location settings"},{"ancestorTitles":["LocationService","settings management"],"duration":0,"failing":false,"failureDetails":[],"failureMessages":[],"fullName":"LocationService settings management should return current settings","invocations":1,"location":null,"numPassingAsserts":5,"retryReasons":[],"startAt":1761301449254,"status":"passed","title":"should return current settings"}],"endTime":1761301449270,"message":"\u001b[1m\u001b[31m  \u001b[1m● \u001b[22m\u001b[1mLocationService › getCurrentLocation › should handle permission denied error\u001b[39m\u001b[22m\n\n    \u001b[2mexpect(\u001b[22m\u001b[31mreceived\u001b[39m\u001b[2m).\u001b[22mtoBe\u001b[2m(\u001b[22m\u001b[32mexpected\u001b[39m\u001b[2m) // Object.is equality\u001b[22m\n\n    Expected: \u001b[32m\"PERMISSION_DENIED\"\u001b[39m\n    Received: \u001b[31m\"UNKNOWN_ERROR\"\u001b[39m\n\u001b[2m\u001b[22m\n\u001b[2m    \u001b[0m \u001b[90m 101 |\u001b[39m       expect(response\u001b[33m.\u001b[39msuccess)\u001b[33m.\u001b[39mtoBe(\u001b[36mfalse\u001b[39m)\u001b[33m;\u001b[39m\u001b[22m\n\u001b[2m     \u001b[90m 102 |\u001b[39m       expect(response\u001b[33m.\u001b[39merror)\u001b[33m.\u001b[39mtoBeDefined()\u001b[33m;\u001b[39m\u001b[22m\n\u001b[2m    \u001b[31m\u001b[1m>\u001b[22m\u001b[2m\u001b[39m\u001b[90m 103 |\u001b[39m       expect(response\u001b[33m.\u001b[39merror\u001b[33m?\u001b[39m\u001b[33m.\u001b[39mcode)\u001b[33m.\u001b[39mtoBe(\u001b[32m\"PERMISSION_DENIED\"\u001b[39m)\u001b[33m;\u001b[39m\u001b[22m\n\u001b[2m     \u001b[90m     |\u001b[39m                                    \u001b[31m\u001b[1m^\u001b[22m\u001b[2m\u001b[39m\u001b[22m\n\u001b[2m     \u001b[90m 104 |\u001b[39m       expect(response\u001b[33m.\u001b[39merror\u001b[33m?\u001b[39m\u001b[33m.\u001b[39mmessage)\u001b[33m.\u001b[39mtoContain(\u001b[32m\"denied\"\u001b[39m)\u001b[33m;\u001b[39m\u001b[22m\n\u001b[2m     \u001b[90m 105 |\u001b[39m     })\u001b[33m;\u001b[39m\u001b[22m\n\u001b[2m     \u001b[90m 106 |\u001b[39m\u001b[0m\u001b[22m\n\u001b[2m\u001b[22m\n\u001b[2m      \u001b[2mat Object.toBe (\u001b[22m\u001b[2m\u001b[0m\u001b[36msrc/__tests__/location-service.test.ts\u001b[39m\u001b[0m\u001b[2m:103:36)\u001b[22m\u001b[2m\u001b[22m\n\n\u001b[1m\u001b[31m  \u001b[1m● \u001b[22m\u001b[1mLocationService › getCurrentLocation › should handle timeout error\u001b[39m\u001b[22m\n\n    \u001b[2mexpect(\u001b[22m\u001b[31mreceived\u001b[39m\u001b[2m).\u001b[22mtoBe\u001b[2m(\u001b[22m\u001b[32mexpected\u001b[39m\u001b[2m) // Object.is equality\u001b[22m\n\n    Expected: \u001b[32m\"TIMEOUT\"\u001b[39m\n    Received: \u001b[31m\"UNKNOWN_ERROR\"\u001b[39m\n\u001b[2m\u001b[22m\n\u001b[2m    \u001b[0m \u001b[90m 125 |\u001b[39m       expect(response\u001b[33m.\u001b[39msuccess)\u001b[33m.\u001b[39mtoBe(\u001b[36mfalse\u001b[39m)\u001b[33m;\u001b[39m\u001b[22m\n\u001b[2m     \u001b[90m 126 |\u001b[39m       expect(response\u001b[33m.\u001b[39merror)\u001b[33m.\u001b[39mtoBeDefined()\u001b[33m;\u001b[39m\u001b[22m\n\u001b[2m    \u001b[31m\u001b[1m>\u001b[22m\u001b[2m\u001b[39m\u001b[90m 127 |\u001b[39m       expect(response\u001b[33m.\u001b[39merror\u001b[33m?\u001b[39m\u001b[33m.\u001b[39mcode)\u001b[33m.\u001b[39mtoBe(\u001b[32m\"TIMEOUT\"\u001b[39m)\u001b[33m;\u001b[39m\u001b[22m\n\u001b[2m     \u001b[90m     |\u001b[39m                                    \u001b[31m\u001b[1m^\u001b[22m\u001b[2m\u001b[39m\u001b[22m\n\u001b[2m     \u001b[90m 128 |\u001b[39m     })\u001b[33m;\u001b[39m\u001b[22m\n\u001b[2m     \u001b[90m 129 |\u001b[39m\u001b[22m\n\u001b[2m     \u001b[90m 130 |\u001b[39m     it(\u001b[32m\"should return error when privacy consent is not granted\"\u001b[39m\u001b[33m,\u001b[39m \u001b[36masync\u001b[39m () \u001b[33m=>\u001b[39m {\u001b[0m\u001b[22m\n\u001b[2m\u001b[22m\n\u001b[2m      \u001b[2mat Object.toBe (\u001b[22m\u001b[2m\u001b[0m\u001b[36msrc/__tests__/location-service.test.ts\u001b[39m\u001b[0m\u001b[2m:127:36)\u001b[22m\u001b[2m\u001b[22m\n\n\u001b[1m\u001b[31m  \u001b[1m● \u001b[22m\u001b[1mLocationService › startWatchingLocation › should fail to start watching when privacy consent is not granted\u001b[39m\u001b[22m\n\n    \u001b[2mexpect(\u001b[22m\u001b[31mreceived\u001b[39m\u001b[2m).\u001b[22mtoBe\u001b[2m(\u001b[22m\u001b[32mexpected\u001b[39m\u001b[2m) // Object.is equality\u001b[22m\n\n    Expected: \u001b[32mfalse\u001b[39m\n    Received: \u001b[31mtrue\u001b[39m\n\u001b[2m\u001b[22m\n\u001b[2m    \u001b[0m \u001b[90m 204 |\u001b[39m       \u001b[36mconst\u001b[39m success \u001b[33m=\u001b[39m \u001b[36mawait\u001b[39m locationService\u001b[33m.\u001b[39mstartWatchingLocation(callback)\u001b[33m;\u001b[39m\u001b[22m\n\u001b[2m     \u001b[90m 205 |\u001b[39m\u001b[22m\n\u001b[2m    \u001b[31m\u001b[1m>\u001b[22m\u001b[2m\u001b[39m\u001b[90m 206 |\u001b[39m       expect(success)\u001b[33m.\u001b[39mtoBe(\u001b[36mfalse\u001b[39m)\u001b[33m;\u001b[39m\u001b[22m\n\u001b[2m     \u001b[90m     |\u001b[39m                       \u001b[31m\u001b[1m^\u001b[22m\u001b[2m\u001b[39m\u001b[22m\n\u001b[2m     \u001b[90m 207 |\u001b[39m       expect(callback)\u001b[33m.\u001b[39mnot\u001b[33m.\u001b[39mtoHaveBeenCalled()\u001b[33m;\u001b[39m\u001b[22m\n\u001b[2m     \u001b[90m 208 |\u001b[39m     })\u001b[33m;\u001b[39m\u001b[22m\n\u001b[2m     \u001b[90m 209 |\u001b[39m   })\u001b[33m;\u001b[39m\u001b[0m\u001b[22m\n\u001b[2m\u001b[22m\n\u001b[2m      \u001b[2mat Object.toBe (\u001b[22m\u001b[2m\u001b[0m\u001b[36msrc/__tests__/location-service.test.ts\u001b[39m\u001b[0m\u001b[2m:206:23)\u001b[22m\u001b[2m\u001b[22m\n\n\u001b[1m\u001b[31m  \u001b[1m● \u001b[22m\u001b[1mLocationService › location caching › should retrieve cached locations\u001b[39m\u001b[22m\n\n    \u001b[2mexpect(\u001b[22m\u001b[31mreceived\u001b[39m\u001b[2m).\u001b[22mtoHaveLength\u001b[2m(\u001b[22m\u001b[32mexpected\u001b[39m\u001b[2m)\u001b[22m\n\n    Expected length: \u001b[32m1\u001b[39m\n    Received length: \u001b[31m2\u001b[39m\n    Received array:  \u001b[31m[{\"coordinates\": {\"accuracy\": 5, \"altitude\": null, \"altitudeAccuracy\": null, \"heading\": null, \"latitude\": 52.3676, \"longitude\": 4.9041, \"speed\": null}, \"id\": \"loc_1761301449188_fwchvkega\", \"metadata\": {\"deviceId\": \"granted\", \"isOffline\": false, \"privacyConsent\": true, \"projectId\": undefined, \"sessionId\": undefined, \"source\": \"gps\", \"traId\": undefined, \"verificationMethod\": \"auto\"}, \"timestamps\": {\"capturedAt\": 2025-10-24T10:24:09.188Z, \"expiresAt\": 2025-10-24T11:24:09.188Z, \"lastVerifiedAt\": 2025-10-24T10:24:09.188Z}, \"verificationScore\": 80, \"verificationStatus\": \"verified\"}, {\"coordinates\": {\"accuracy\": 5, \"altitude\": null, \"altitudeAccuracy\": null, \"heading\": null, \"latitude\": 52.3676, \"longitude\": 4.9041, \"speed\": null}, \"id\": \"loc_1761301449246_l1xbfdixo\", \"metadata\": {\"deviceId\": \"granted\", \"isOffline\": false, \"privacyConsent\": true, \"projectId\": undefined, \"sessionId\": undefined, \"source\": \"gps\", \"traId\": undefined, \"verificationMethod\": \"auto\"}, \"timestamps\": {\"capturedAt\": 2025-10-24T10:24:09.245Z, \"expiresAt\": 2025-10-24T11:24:09.246Z, \"lastVerifiedAt\": 2025-10-24T10:24:09.246Z}, \"verificationScore\": 80, \"verificationStatus\": \"verified\"}]\u001b[39m\n\u001b[2m\u001b[22m\n\u001b[2m    \u001b[0m \u001b[90m 289 |\u001b[39m       \u001b[36mconst\u001b[39m cachedLocations \u001b[33m=\u001b[39m locationService\u001b[33m.\u001b[39mgetCachedLocations()\u001b[33m;\u001b[39m\u001b[22m\n\u001b[2m     \u001b[90m 290 |\u001b[39m\u001b[22m\n\u001b[2m    \u001b[31m\u001b[1m>\u001b[22m\u001b[2m\u001b[39m\u001b[90m 291 |\u001b[39m       expect(cachedLocations)\u001b[33m.\u001b[39mtoHaveLength(\u001b[35m1\u001b[39m)\u001b[33m;\u001b[39m\u001b[22m\n\u001b[2m     \u001b[90m     |\u001b[39m                               \u001b[31m\u001b[1m^\u001b[22m\u001b[2m\u001b[39m\u001b[22m\n\u001b[2m     \u001b[90m 292 |\u001b[39m       expect(cachedLocations[\u001b[35m0\u001b[39m]\u001b[33m.\u001b[39mcoordinates\u001b[33m.\u001b[39mlatitude)\u001b[33m.\u001b[39mtoBe(\u001b[35m52.3676\u001b[39m)\u001b[33m;\u001b[39m\u001b[22m\n\u001b[2m     \u001b[90m 293 |\u001b[39m     })\u001b[33m;\u001b[39m\u001b[22m\n\u001b[2m     \u001b[90m 294 |\u001b[39m\u001b[0m\u001b[22m\n\u001b[2m\u001b[22m\n\u001b[2m      \u001b[2mat Object.toHaveLength (\u001b[22m\u001b[2m\u001b[0m\u001b[36msrc/__tests__/location-service.test.ts\u001b[39m\u001b[0m\u001b[2m:291:31)\u001b[22m\u001b[2m\u001b[22m\n","name":"D:\\Programmeren\\MaasISO\\saasapps\\tra001\\web\\src\\__tests__\\location-service.test.ts","startTime":1761301448941,"status":"failed","summary":""},{"assertionResults":[{"ancestorTitles":["Analytics Service","User Identification"],"duration":5,"failing":false,"failureDetails":[{"matcherResult":{"message":"\u001b[2mexpect(\u001b[22m\u001b[31mjest.fn()\u001b[39m\u001b[2m).\u001b[22mtoHaveBeenCalledWith\u001b[2m(\u001b[22m\u001b[32m...expected\u001b[39m\u001b[2m)\u001b[22m\n\nExpected: \u001b[32m{}\u001b[39m, \u001b[32m\"user-123\"\u001b[39m\n\nNumber of calls: \u001b[31m0\u001b[39m","pass":false}}],"failureMessages":["Error: \u001b[2mexpect(\u001b[22m\u001b[31mjest.fn()\u001b[39m\u001b[2m).\u001b[22mtoHaveBeenCalledWith\u001b[2m(\u001b[22m\u001b[32m...expected\u001b[39m\u001b[2m)\u001b[22m\n\nExpected: \u001b[32m{}\u001b[39m, \u001b[32m\"user-123\"\u001b[39m\n\nNumber of calls: \u001b[31m0\u001b[39m\n    at Object.toHaveBeenCalledWith (D:\\Programmeren\\MaasISO\\saasapps\\tra001\\web\\src\\__tests__\\analytics-service.test.ts:59:29)\n    at Promise.finally.completed (D:\\Programmeren\\MaasISO\\saasapps\\tra001\\web\\node_modules\\jest-circus\\build\\jestAdapterInit.js:1557:28)\n    at new Promise (<anonymous>)\n    at callAsyncCircusFn (D:\\Programmeren\\MaasISO\\saasapps\\tra001\\web\\node_modules\\jest-circus\\build\\jestAdapterInit.js:1497:10)\n    at _callCircusTest (D:\\Programmeren\\MaasISO\\saasapps\\tra001\\web\\node_modules\\jest-circus\\build\\jestAdapterInit.js:1007:40)\n    at processTicksAndRejections (node:internal/process/task_queues:105:5)\n    at _runTest (D:\\Programmeren\\MaasISO\\saasapps\\tra001\\web\\node_modules\\jest-circus\\build\\jestAdapterInit.js:947:3)\n    at D:\\Programmeren\\MaasISO\\saasapps\\tra001\\web\\node_modules\\jest-circus\\build\\jestAdapterInit.js:849:7\n    at _runTestsForDescribeBlock (D:\\Programmeren\\MaasISO\\saasapps\\tra001\\web\\node_modules\\jest-circus\\build\\jestAdapterInit.js:862:11)\n    at _runTestsForDescribeBlock (D:\\Programmeren\\MaasISO\\saasapps\\tra001\\web\\node_modules\\jest-circus\\build\\jestAdapterInit.js:857:11)\n    at _runTestsForDescribeBlock (D:\\Programmeren\\MaasISO\\saasapps\\tra001\\web\\node_modules\\jest-circus\\build\\jestAdapterInit.js:857:11)\n    at run (D:\\Programmeren\\MaasISO\\saasapps\\tra001\\web\\node_modules\\jest-circus\\build\\jestAdapterInit.js:761:3)\n    at runAndTransformResultsToJestFormat (D:\\Programmeren\\MaasISO\\saasapps\\tra001\\web\\node_modules\\jest-circus\\build\\jestAdapterInit.js:1918:21)\n    at jestAdapter (D:\\Programmeren\\MaasISO\\saasapps\\tra001\\web\\node_modules\\jest-circus\\build\\runner.js:101:19)\n    at runTestInternal (D:\\Programmeren\\MaasISO\\saasapps\\tra001\\web\\node_modules\\jest-runner\\build\\testWorker.js:275:16)\n    at runTest (D:\\Programmeren\\MaasISO\\saasapps\\tra001\\web\\node_modules\\jest-runner\\build\\testWorker.js:343:7)\n    at Object.worker (D:\\Programmeren\\MaasISO\\saasapps\\tra001\\web\\node_modules\\jest-runner\\build\\testWorker.js:497:12)"],"fullName":"Analytics Service User Identification should set user ID","invocations":1,"location":null,"numPassingAsserts":0,"retryReasons":[],"startAt":1761301449187,"status":"failed","title":"should set user ID"},{"ancestorTitles":["Analytics Service","User Identification"],"duration":0,"failing":false,"failureDetails":[{"matcherResult":{"message":"\u001b[2mexpect(\u001b[22m\u001b[31mjest.fn()\u001b[39m\u001b[2m).\u001b[22mtoHaveBeenCalledWith\u001b[2m(\u001b[22m\u001b[32m...expected\u001b[39m\u001b[2m)\u001b[22m\n\nExpected: \u001b[32m{}\u001b[39m, \u001b[32m{\"organizationId\": \"org-123\", \"role\": \"admin\", \"subscriptionTier\": \"professional\"}\u001b[39m\n\nNumber of calls: \u001b[31m0\u001b[39m","pass":false}}],"failureMessages":["Error: \u001b[2mexpect(\u001b[22m\u001b[31mjest.fn()\u001b[39m\u001b[2m).\u001b[22mtoHaveBeenCalledWith\u001b[2m(\u001b[22m\u001b[32m...expected\u001b[39m\u001b[2m)\u001b[22m\n\nExpected: \u001b[32m{}\u001b[39m, \u001b[32m{\"organizationId\": \"org-123\", \"role\": \"admin\", \"subscriptionTier\": \"professional\"}\u001b[39m\n\nNumber of calls: \u001b[31m0\u001b[39m\n    at Object.toHaveBeenCalledWith (D:\\Programmeren\\MaasISO\\saasapps\\tra001\\web\\src\\__tests__\\analytics-service.test.ts:69:37)\n    at Promise.finally.completed (D:\\Programmeren\\MaasISO\\saasapps\\tra001\\web\\node_modules\\jest-circus\\build\\jestAdapterInit.js:1557:28)\n    at new Promise (<anonymous>)\n    at callAsyncCircusFn (D:\\Programmeren\\MaasISO\\saasapps\\tra001\\web\\node_modules\\jest-circus\\build\\jestAdapterInit.js:1497:10)\n    at _callCircusTest (D:\\Programmeren\\MaasISO\\saasapps\\tra001\\web\\node_modules\\jest-circus\\build\\jestAdapterInit.js:1007:40)\n    at processTicksAndRejections (node:internal/process/task_queues:105:5)\n    at _runTest (D:\\Programmeren\\MaasISO\\saasapps\\tra001\\web\\node_modules\\jest-circus\\build\\jestAdapterInit.js:947:3)\n    at D:\\Programmeren\\MaasISO\\saasapps\\tra001\\web\\node_modules\\jest-circus\\build\\jestAdapterInit.js:849:7\n    at _runTestsForDescribeBlock (D:\\Programmeren\\MaasISO\\saasapps\\tra001\\web\\node_modules\\jest-circus\\build\\jestAdapterInit.js:862:11)\n    at _runTestsForDescribeBlock (D:\\Programmeren\\MaasISO\\saasapps\\tra001\\web\\node_modules\\jest-circus\\build\\jestAdapterInit.js:857:11)\n    at _runTestsForDescribeBlock (D:\\Programmeren\\MaasISO\\saasapps\\tra001\\web\\node_modules\\jest-circus\\build\\jestAdapterInit.js:857:11)\n    at run (D:\\Programmeren\\MaasISO\\saasapps\\tra001\\web\\node_modules\\jest-circus\\build\\jestAdapterInit.js:761:3)\n    at runAndTransformResultsToJestFormat (D:\\Programmeren\\MaasISO\\saasapps\\tra001\\web\\node_modules\\jest-circus\\build\\jestAdapterInit.js:1918:21)\n    at jestAdapter (D:\\Programmeren\\MaasISO\\saasapps\\tra001\\web\\node_modules\\jest-circus\\build\\runner.js:101:19)\n    at runTestInternal (D:\\Programmeren\\MaasISO\\saasapps\\tra001\\web\\node_modules\\jest-runner\\build\\testWorker.js:275:16)\n    at runTest (D:\\Programmeren\\MaasISO\\saasapps\\tra001\\web\\node_modules\\jest-runner\\build\\testWorker.js:343:7)\n    at Object.worker (D:\\Programmeren\\MaasISO\\saasapps\\tra001\\web\\node_modules\\jest-runner\\build\\testWorker.js:497:12)"],"fullName":"Analytics Service User Identification should set user properties","invocations":1,"location":null,"numPassingAsserts":0,"retryReasons":[],"startAt":1761301449198,"status":"failed","title":"should set user properties"},{"ancestorTitles":["Analytics Service","TRA Events"],"duration":1,"failing":false,"failureDetails":[{"matcherResult":{"message":"\u001b[2mexpect(\u001b[22m\u001b[31mjest.fn()\u001b[39m\u001b[2m).\u001b[22mtoHaveBeenCalledWith\u001b[2m(\u001b[22m\u001b[32m...expected\u001b[39m\u001b[2m)\u001b[22m\n\nExpected: \u001b[32m{}\u001b[39m, \u001b[32m\"tra_created\"\u001b[39m, \u001b[32m{\"hazard_count\": 5, \"project_id\": \"project-123\", \"risk_score\": 150, \"status\": \"draft\", \"template_id\": \"template-123\", \"tra_id\": \"tra-123\"}\u001b[39m\n\nNumber of calls: \u001b[31m0\u001b[39m","pass":false}}],"failureMessages":["Error: \u001b[2mexpect(\u001b[22m\u001b[31mjest.fn()\u001b[39m\u001b[2m).\u001b[22mtoHaveBeenCalledWith\u001b[2m(\u001b[22m\u001b[32m...expected\u001b[39m\u001b[2m)\u001b[22m\n\nExpected: \u001b[32m{}\u001b[39m, \u001b[32m\"tra_created\"\u001b[39m, \u001b[32m{\"hazard_count\": 5, \"project_id\": \"project-123\", \"risk_score\": 150, \"status\": \"draft\", \"template_id\": \"template-123\", \"tra_id\": \"tra-123\"}\u001b[39m\n\nNumber of calls: \u001b[31m0\u001b[39m\n    at Object.toHaveBeenCalledWith (D:\\Programmeren\\MaasISO\\saasapps\\tra001\\web\\src\\__tests__\\analytics-service.test.ts:84:28)\n    at Promise.finally.completed (D:\\Programmeren\\MaasISO\\saasapps\\tra001\\web\\node_modules\\jest-circus\\build\\jestAdapterInit.js:1557:28)\n    at new Promise (<anonymous>)\n    at callAsyncCircusFn (D:\\Programmeren\\MaasISO\\saasapps\\tra001\\web\\node_modules\\jest-circus\\build\\jestAdapterInit.js:1497:10)\n    at _callCircusTest (D:\\Programmeren\\MaasISO\\saasapps\\tra001\\web\\node_modules\\jest-circus\\build\\jestAdapterInit.js:1007:40)\n    at processTicksAndRejections (node:internal/process/task_queues:105:5)\n    at _runTest (D:\\Programmeren\\MaasISO\\saasapps\\tra001\\web\\node_modules\\jest-circus\\build\\jestAdapterInit.js:947:3)\n    at D:\\Programmeren\\MaasISO\\saasapps\\tra001\\web\\node_modules\\jest-circus\\build\\jestAdapterInit.js:849:7\n    at _runTestsForDescribeBlock (D:\\Programmeren\\MaasISO\\saasapps\\tra001\\web\\node_modules\\jest-circus\\build\\jestAdapterInit.js:862:11)\n    at _runTestsForDescribeBlock (D:\\Programmeren\\MaasISO\\saasapps\\tra001\\web\\node_modules\\jest-circus\\build\\jestAdapterInit.js:857:11)\n    at _runTestsForDescribeBlock (D:\\Programmeren\\MaasISO\\saasapps\\tra001\\web\\node_modules\\jest-circus\\build\\jestAdapterInit.js:857:11)\n    at run (D:\\Programmeren\\MaasISO\\saasapps\\tra001\\web\\node_modules\\jest-circus\\build\\jestAdapterInit.js:761:3)\n    at runAndTransformResultsToJestFormat (D:\\Programmeren\\MaasISO\\saasapps\\tra001\\web\\node_modules\\jest-circus\\build\\jestAdapterInit.js:1918:21)\n    at jestAdapter (D:\\Programmeren\\MaasISO\\saasapps\\tra001\\web\\node_modules\\jest-circus\\build\\runner.js:101:19)\n    at runTestInternal (D:\\Programmeren\\MaasISO\\saasapps\\tra001\\web\\node_modules\\jest-runner\\build\\testWorker.js:275:16)\n    at runTest (D:\\Programmeren\\MaasISO\\saasapps\\tra001\\web\\node_modules\\jest-runner\\build\\testWorker.js:343:7)\n    at Object.worker (D:\\Programmeren\\MaasISO\\saasapps\\tra001\\web\\node_modules\\jest-runner\\build\\testWorker.js:497:12)"],"fullName":"Analytics Service TRA Events should track TRA created","invocations":1,"location":null,"numPassingAsserts":0,"retryReasons":[],"startAt":1761301449199,"status":"failed","title":"should track TRA created"},{"ancestorTitles":["Analytics Service","TRA Events"],"duration":1,"failing":false,"failureDetails":[{"matcherResult":{"message":"\u001b[2mexpect(\u001b[22m\u001b[31mjest.fn()\u001b[39m\u001b[2m).\u001b[22mtoHaveBeenCalledWith\u001b[2m(\u001b[22m\u001b[32m...expected\u001b[39m\u001b[2m)\u001b[22m\n\nExpected: \u001b[32m{}\u001b[39m, \u001b[32m\"tra_submitted\"\u001b[39m, \u001b[32m{\"project_id\": \"project-123\", \"risk_score\": 150, \"tra_id\": \"tra-123\"}\u001b[39m\n\nNumber of calls: \u001b[31m0\u001b[39m","pass":false}}],"failureMessages":["Error: \u001b[2mexpect(\u001b[22m\u001b[31mjest.fn()\u001b[39m\u001b[2m).\u001b[22mtoHaveBeenCalledWith\u001b[2m(\u001b[22m\u001b[32m...expected\u001b[39m\u001b[2m)\u001b[22m\n\nExpected: \u001b[32m{}\u001b[39m, \u001b[32m\"tra_submitted\"\u001b[39m, \u001b[32m{\"project_id\": \"project-123\", \"risk_score\": 150, \"tra_id\": \"tra-123\"}\u001b[39m\n\nNumber of calls: \u001b[31m0\u001b[39m\n    at Object.toHaveBeenCalledWith (D:\\Programmeren\\MaasISO\\saasapps\\tra001\\web\\src\\__tests__\\analytics-service.test.ts:101:28)\n    at Promise.finally.completed (D:\\Programmeren\\MaasISO\\saasapps\\tra001\\web\\node_modules\\jest-circus\\build\\jestAdapterInit.js:1557:28)\n    at new Promise (<anonymous>)\n    at callAsyncCircusFn (D:\\Programmeren\\MaasISO\\saasapps\\tra001\\web\\node_modules\\jest-circus\\build\\jestAdapterInit.js:1497:10)\n    at _callCircusTest (D:\\Programmeren\\MaasISO\\saasapps\\tra001\\web\\node_modules\\jest-circus\\build\\jestAdapterInit.js:1007:40)\n    at processTicksAndRejections (node:internal/process/task_queues:105:5)\n    at _runTest (D:\\Programmeren\\MaasISO\\saasapps\\tra001\\web\\node_modules\\jest-circus\\build\\jestAdapterInit.js:947:3)\n    at D:\\Programmeren\\MaasISO\\saasapps\\tra001\\web\\node_modules\\jest-circus\\build\\jestAdapterInit.js:849:7\n    at _runTestsForDescribeBlock (D:\\Programmeren\\MaasISO\\saasapps\\tra001\\web\\node_modules\\jest-circus\\build\\jestAdapterInit.js:862:11)\n    at _runTestsForDescribeBlock (D:\\Programmeren\\MaasISO\\saasapps\\tra001\\web\\node_modules\\jest-circus\\build\\jestAdapterInit.js:857:11)\n    at _runTestsForDescribeBlock (D:\\Programmeren\\MaasISO\\saasapps\\tra001\\web\\node_modules\\jest-circus\\build\\jestAdapterInit.js:857:11)\n    at run (D:\\Programmeren\\MaasISO\\saasapps\\tra001\\web\\node_modules\\jest-circus\\build\\jestAdapterInit.js:761:3)\n    at runAndTransformResultsToJestFormat (D:\\Programmeren\\MaasISO\\saasapps\\tra001\\web\\node_modules\\jest-circus\\build\\jestAdapterInit.js:1918:21)\n    at jestAdapter (D:\\Programmeren\\MaasISO\\saasapps\\tra001\\web\\node_modules\\jest-circus\\build\\runner.js:101:19)\n    at runTestInternal (D:\\Programmeren\\MaasISO\\saasapps\\tra001\\web\\node_modules\\jest-runner\\build\\testWorker.js:275:16)\n    at runTest (D:\\Programmeren\\MaasISO\\saasapps\\tra001\\web\\node_modules\\jest-runner\\build\\testWorker.js:343:7)\n    at Object.worker (D:\\Programmeren\\MaasISO\\saasapps\\tra001\\web\\node_modules\\jest-runner\\build\\testWorker.js:497:12)"],"fullName":"Analytics Service TRA Events should track TRA submitted","invocations":1,"location":null,"numPassingAsserts":0,"retryReasons":[],"startAt":1761301449200,"status":"failed","title":"should track TRA submitted"},{"ancestorTitles":["Analytics Service","TRA Events"],"duration":1,"failing":false,"failureDetails":[{"matcherResult":{"message":"\u001b[2mexpect(\u001b[22m\u001b[31mjest.fn()\u001b[39m\u001b[2m).\u001b[22mtoHaveBeenCalledWith\u001b[2m(\u001b[22m\u001b[32m...expected\u001b[39m\u001b[2m)\u001b[22m\n\nExpected: \u001b[32m{}\u001b[39m, \u001b[32m\"tra_approved\"\u001b[39m, \u001b[32m{\"approval_time_hours\": 24, \"project_id\": \"project-123\", \"tra_id\": \"tra-123\"}\u001b[39m\n\nNumber of calls: \u001b[31m0\u001b[39m","pass":false}}],"failureMessages":["Error: \u001b[2mexpect(\u001b[22m\u001b[31mjest.fn()\u001b[39m\u001b[2m).\u001b[22mtoHaveBeenCalledWith\u001b[2m(\u001b[22m\u001b[32m...expected\u001b[39m\u001b[2m)\u001b[22m\n\nExpected: \u001b[32m{}\u001b[39m, \u001b[32m\"tra_approved\"\u001b[39m, \u001b[32m{\"approval_time_hours\": 24, \"project_id\": \"project-123\", \"tra_id\": \"tra-123\"}\u001b[39m\n\nNumber of calls: \u001b[31m0\u001b[39m\n    at Object.toHaveBeenCalledWith (D:\\Programmeren\\MaasISO\\saasapps\\tra001\\web\\src\\__tests__\\analytics-service.test.ts:115:28)\n    at Promise.finally.completed (D:\\Programmeren\\MaasISO\\saasapps\\tra001\\web\\node_modules\\jest-circus\\build\\jestAdapterInit.js:1557:28)\n    at new Promise (<anonymous>)\n    at callAsyncCircusFn (D:\\Programmeren\\MaasISO\\saasapps\\tra001\\web\\node_modules\\jest-circus\\build\\jestAdapterInit.js:1497:10)\n    at _callCircusTest (D:\\Programmeren\\MaasISO\\saasapps\\tra001\\web\\node_modules\\jest-circus\\build\\jestAdapterInit.js:1007:40)\n    at processTicksAndRejections (node:internal/process/task_queues:105:5)\n    at _runTest (D:\\Programmeren\\MaasISO\\saasapps\\tra001\\web\\node_modules\\jest-circus\\build\\jestAdapterInit.js:947:3)\n    at D:\\Programmeren\\MaasISO\\saasapps\\tra001\\web\\node_modules\\jest-circus\\build\\jestAdapterInit.js:849:7\n    at _runTestsForDescribeBlock (D:\\Programmeren\\MaasISO\\saasapps\\tra001\\web\\node_modules\\jest-circus\\build\\jestAdapterInit.js:862:11)\n    at _runTestsForDescribeBlock (D:\\Programmeren\\MaasISO\\saasapps\\tra001\\web\\node_modules\\jest-circus\\build\\jestAdapterInit.js:857:11)\n    at _runTestsForDescribeBlock (D:\\Programmeren\\MaasISO\\saasapps\\tra001\\web\\node_modules\\jest-circus\\build\\jestAdapterInit.js:857:11)\n    at run (D:\\Programmeren\\MaasISO\\saasapps\\tra001\\web\\node_modules\\jest-circus\\build\\jestAdapterInit.js:761:3)\n    at runAndTransformResultsToJestFormat (D:\\Programmeren\\MaasISO\\saasapps\\tra001\\web\\node_modules\\jest-circus\\build\\jestAdapterInit.js:1918:21)\n    at jestAdapter (D:\\Programmeren\\MaasISO\\saasapps\\tra001\\web\\node_modules\\jest-circus\\build\\runner.js:101:19)\n    at runTestInternal (D:\\Programmeren\\MaasISO\\saasapps\\tra001\\web\\node_modules\\jest-runner\\build\\testWorker.js:275:16)\n    at runTest (D:\\Programmeren\\MaasISO\\saasapps\\tra001\\web\\node_modules\\jest-runner\\build\\testWorker.js:343:7)\n    at Object.worker (D:\\Programmeren\\MaasISO\\saasapps\\tra001\\web\\node_modules\\jest-runner\\build\\testWorker.js:497:12)"],"fullName":"Analytics Service TRA Events should track TRA approved","invocations":1,"location":null,"numPassingAsserts":0,"retryReasons":[],"startAt":1761301449201,"status":"failed","title":"should track TRA approved"},{"ancestorTitles":["Analytics Service","TRA Events"],"duration":1,"failing":false,"failureDetails":[{"matcherResult":{"message":"\u001b[2mexpect(\u001b[22m\u001b[31mjest.fn()\u001b[39m\u001b[2m).\u001b[22mtoHaveBeenCalledWith\u001b[2m(\u001b[22m\u001b[32m...expected\u001b[39m\u001b[2m)\u001b[22m\n\nExpected: \u001b[32m{}\u001b[39m, \u001b[32m\"tra_rejected\"\u001b[39m, \u001b[32m{\"project_id\": \"project-123\", \"reason\": \"Incomplete hazard analysis\", \"tra_id\": \"tra-123\"}\u001b[39m\n\nNumber of calls: \u001b[31m0\u001b[39m","pass":false}}],"failureMessages":["Error: \u001b[2mexpect(\u001b[22m\u001b[31mjest.fn()\u001b[39m\u001b[2m).\u001b[22mtoHaveBeenCalledWith\u001b[2m(\u001b[22m\u001b[32m...expected\u001b[39m\u001b[2m)\u001b[22m\n\nExpected: \u001b[32m{}\u001b[39m, \u001b[32m\"tra_rejected\"\u001b[39m, \u001b[32m{\"project_id\": \"project-123\", \"reason\": \"Incomplete hazard analysis\", \"tra_id\": \"tra-123\"}\u001b[39m\n\nNumber of calls: \u001b[31m0\u001b[39m\n    at Object.toHaveBeenCalledWith (D:\\Programmeren\\MaasISO\\saasapps\\tra001\\web\\src\\__tests__\\analytics-service.test.ts:129:28)\n    at Promise.finally.completed (D:\\Programmeren\\MaasISO\\saasapps\\tra001\\web\\node_modules\\jest-circus\\build\\jestAdapterInit.js:1557:28)\n    at new Promise (<anonymous>)\n    at callAsyncCircusFn (D:\\Programmeren\\MaasISO\\saasapps\\tra001\\web\\node_modules\\jest-circus\\build\\jestAdapterInit.js:1497:10)\n    at _callCircusTest (D:\\Programmeren\\MaasISO\\saasapps\\tra001\\web\\node_modules\\jest-circus\\build\\jestAdapterInit.js:1007:40)\n    at processTicksAndRejections (node:internal/process/task_queues:105:5)\n    at _runTest (D:\\Programmeren\\MaasISO\\saasapps\\tra001\\web\\node_modules\\jest-circus\\build\\jestAdapterInit.js:947:3)\n    at D:\\Programmeren\\MaasISO\\saasapps\\tra001\\web\\node_modules\\jest-circus\\build\\jestAdapterInit.js:849:7\n    at _runTestsForDescribeBlock (D:\\Programmeren\\MaasISO\\saasapps\\tra001\\web\\node_modules\\jest-circus\\build\\jestAdapterInit.js:862:11)\n    at _runTestsForDescribeBlock (D:\\Programmeren\\MaasISO\\saasapps\\tra001\\web\\node_modules\\jest-circus\\build\\jestAdapterInit.js:857:11)\n    at _runTestsForDescribeBlock (D:\\Programmeren\\MaasISO\\saasapps\\tra001\\web\\node_modules\\jest-circus\\build\\jestAdapterInit.js:857:11)\n    at run (D:\\Programmeren\\MaasISO\\saasapps\\tra001\\web\\node_modules\\jest-circus\\build\\jestAdapterInit.js:761:3)\n    at runAndTransformResultsToJestFormat (D:\\Programmeren\\MaasISO\\saasapps\\tra001\\web\\node_modules\\jest-circus\\build\\jestAdapterInit.js:1918:21)\n    at jestAdapter (D:\\Programmeren\\MaasISO\\saasapps\\tra001\\web\\node_modules\\jest-circus\\build\\runner.js:101:19)\n    at runTestInternal (D:\\Programmeren\\MaasISO\\saasapps\\tra001\\web\\node_modules\\jest-runner\\build\\testWorker.js:275:16)\n    at runTest (D:\\Programmeren\\MaasISO\\saasapps\\tra001\\web\\node_modules\\jest-runner\\build\\testWorker.js:343:7)\n    at Object.worker (D:\\Programmeren\\MaasISO\\saasapps\\tra001\\web\\node_modules\\jest-runner\\build\\testWorker.js:497:12)"],"fullName":"Analytics Service TRA Events should track TRA rejected","invocations":1,"location":null,"numPassingAsserts":0,"retryReasons":[],"startAt":1761301449202,"status":"failed","title":"should track TRA rejected"},{"ancestorTitles":["Analytics Service","TRA Events"],"duration":1,"failing":false,"failureDetails":[{"matcherResult":{"message":"\u001b[2mexpect(\u001b[22m\u001b[31mjest.fn()\u001b[39m\u001b[2m).\u001b[22mtoHaveBeenCalledWith\u001b[2m(\u001b[22m\u001b[32m...expected\u001b[39m\u001b[
[...]
essages":[],"fullName":"Kinney & Wiruth risk engine applies multiplicative modifiers","invocations":1,"location":null,"numPassingAsserts":2,"retryReasons":[],"startAt":1761301449802,"status":"passed","title":"applies multiplicative modifiers"},{"ancestorTitles":["Kinney & Wiruth risk engine"],"duration":0,"failing":false,"failureDetails":[],"failureMessages":[],"fullName":"Kinney & Wiruth risk engine determines risk levels across thresholds","invocations":1,"location":null,"numPassingAsserts":7,"retryReasons":[],"startAt":1761301449803,"status":"passed","title":"determines risk levels across thresholds"},{"ancestorTitles":["Kinney & Wiruth risk engine"],"duration":1,"failing":false,"failureDetails":[],"failureMessages":[],"fullName":"Kinney & Wiruth risk engine invalid inputs produce NaN and invalid validation","invocations":1,"location":null,"numPassingAsserts":4,"retryReasons":[],"startAt":1761301449803,"status":"passed","title":"invalid inputs produce NaN and invalid validation"},{"ancestorTitles":["Kinney & Wiruth risk engine"],"duration":0,"failing":false,"failureDetails":[],"failureMessages":[],"fullName":"Kinney & Wiruth risk engine very small scores normalized correctly","invocations":1,"location":null,"numPassingAsserts":2,"retryReasons":[],"startAt":1761301449804,"status":"passed","title":"very small scores normalized correctly"}],"endTime":1761301449805,"message":"","name":"D:\\Programmeren\\MaasISO\\saasapps\\tra001\\web\\src\\__tests__\\kinney-wiruth.test.ts","startTime":1761301449713,"status":"passed","summary":""},{"assertionResults":[{"ancestorTitles":["Upload System - File Validation","validateFile"],"duration":35,"failing":false,"failureDetails":[],"failureMessages":[],"fullName":"Upload System - File Validation validateFile should accept valid image files within size limit","invocations":1,"location":null,"numPassingAsserts":2,"retryReasons":[],"startAt":1761301449378,"status":"passed","title":"should accept valid image files within size limit"},{"ancestorTitles":["Upload System - File Validation","validateFile"],"duration":359,"failing":false,"failureDetails":[],"failureMessages":[],"fullName":"Upload System - File Validation validateFile should reject files exceeding size limit","invocations":1,"location":null,"numPassingAsserts":2,"retryReasons":[],"startAt":1761301449413,"status":"passed","title":"should reject files exceeding size limit"},{"ancestorTitles":["Upload System - File Validation","validateFile"],"duration":28,"failing":false,"failureDetails":[],"failureMessages":[],"fullName":"Upload System - File Validation validateFile should reject files with disallowed types","invocations":1,"location":null,"numPassingAsserts":2,"retryReasons":[],"startAt":1761301449772,"status":"passed","title":"should reject files with disallowed types"},{"ancestorTitles":["Upload System - File Validation","validateFile"],"duration":1,"failing":false,"failureDetails":[],"failureMessages":[],"fullName":"Upload System - File Validation validateFile should accept specific MIME types","invocations":1,"location":null,"numPassingAsserts":2,"retryReasons":[],"startAt":1761301449800,"status":"passed","title":"should accept specific MIME types"},{"ancestorTitles":["Upload System - File Validation","formatFileSize"],"duration":1,"failing":false,"failureDetails":[],"failureMessages":[],"fullName":"Upload System - File Validation formatFileSize should format bytes correctly","invocations":1,"location":null,"numPassingAsserts":5,"retryReasons":[],"startAt":1761301449801,"status":"passed","title":"should format bytes correctly"},{"ancestorTitles":["Upload System - File Validation","formatFileSize"],"duration":0,"failing":false,"failureDetails":[],"failureMessages":[],"fullName":"Upload System - File Validation formatFileSize should round to 2 decimal places","invocations":1,"location":null,"numPassingAsserts":2,"retryReasons":[],"startAt":1761301449802,"status":"passed","title":"should round to 2 decimal places"},{"ancestorTitles":["Upload System - Storage Path Generation"],"duration":1,"failing":false,"failureDetails":[],"failureMessages":[],"fullName":"Upload System - Storage Path Generation should generate valid storage paths","invocations":1,"location":null,"numPassingAsserts":0,"retryReasons":[],"startAt":1761301449802,"status":"passed","title":"should generate valid storage paths"},{"ancestorTitles":["Upload System - Image Optimization","getImageDimensions"],"duration":7,"failing":false,"failureDetails":[],"failureMessages":[],"fullName":"Upload System - Image Optimization getImageDimensions should handle non-image files gracefully","invocations":1,"location":null,"numPassingAsserts":1,"retryReasons":[],"startAt":1761301449803,"status":"passed","title":"should handle non-image files gracefully"},{"ancestorTitles":["Upload System - Metadata"],"duration":1,"failing":false,"failureDetails":[],"failureMessages":[],"fullName":"Upload System - Metadata should create proper upload metadata structure","invocations":1,"location":null,"numPassingAsserts":4,"retryReasons":[],"startAt":1761301449810,"status":"passed","title":"should create proper upload metadata structure"}],"endTime":1761301449811,"message":"","name":"D:\\Programmeren\\MaasISO\\saasapps\\tra001\\web\\src\\__tests__\\upload-system.test.ts","startTime":1761301449294,"status":"passed","summary":""},{"assertionResults":[{"ancestorTitles":["TRA GET API - pagination & sorting (smoke)"],"duration":1,"failing":false,"failureDetails":[],"failureMessages":[],"fullName":"TRA GET API - pagination & sorting (smoke) exports GET handler","invocations":1,"location":null,"numPassingAsserts":2,"retryReasons":[],"startAt":1761301449828,"status":"passed","title":"exports GET handler"}],"endTime":1761301449830,"message":"","name":"D:\\Programmeren\\MaasISO\\saasapps\\tra001\\web\\src\\__tests__\\tras-list-api-pagination.test.ts","startTime":1761301449743,"status":"passed","summary":""},{"assertionResults":[{"ancestorTitles":["TRA POST API route (basic)"],"duration":1,"failing":false,"failureDetails":[],"failureMessages":[],"fullName":"TRA POST API route (basic) exports POST handler","invocations":1,"location":null,"numPassingAsserts":2,"retryReasons":[],"startAt":1761301449832,"status":"passed","title":"exports POST handler"}],"endTime":1761301449834,"message":"","name":"D:\\Programmeren\\MaasISO\\saasapps\\tra001\\web\\src\\__tests__\\tras-post-api.test.ts","startTime":1761301449749,"status":"passed","summary":""},{"assertionResults":[{"ancestorTitles":["TRA GET API - filters & sorting (smoke)"],"duration":1,"failing":false,"failureDetails":[],"failureMessages":[],"fullName":"TRA GET API - filters & sorting (smoke) exports GET handler","invocations":1,"location":null,"numPassingAsserts":2,"retryReasons":[],"startAt":1761301449849,"status":"passed","title":"exports GET handler"}],"endTime":1761301449851,"message":"","name":"D:\\Programmeren\\MaasISO\\saasapps\\tra001\\web\\src\\__tests__\\tras-list-api-filters-sorting.test.ts","startTime":1761301449768,"status":"passed","summary":""},{"assertionResults":[{"ancestorTitles":["TRA POST API - bulk operations (smoke)"],"duration":1,"failing":false,"failureDetails":[],"failureMessages":[],"fullName":"TRA POST API - bulk operations (smoke) exports POST handler","invocations":1,"location":null,"numPassingAsserts":2,"retryReasons":[],"startAt":1761301449884,"status":"passed","title":"exports POST handler"}],"endTime":1761301449886,"message":"","name":"D:\\Programmeren\\MaasISO\\saasapps\\tra001\\web\\src\\__tests__\\tras-bulk-ops.test.ts","startTime":1761301449807,"status":"passed","summary":""},{"assertionResults":[{"ancestorTitles":["TRA list API - filters/pagination (smoke)"],"duration":1,"failing":false,"failureDetails":[],"failureMessages":[],"fullName":"TRA list API - filters/pagination (smoke) exports GET handler","invocations":1,"location":null,"numPassingAsserts":2,"retryReasons":[],"startAt":1761301449892,"status":"passed","title":"exports GET handler"}],"endTime":1761301449893,"message":"","name":"D:\\Programmeren\\MaasISO\\saasapps\\tra001\\web\\src\\__tests__\\tras-list-api-filters.test.ts","startTime":1761301449817,"status":"passed","summary":""},{"assertionResults":[{"ancestorTitles":["Storage Operations Integration Tests","File Upload"],"duration":null,"failing":false,"failureDetails":[],"failureMessages":[],"fullName":"Storage Operations Integration Tests File Upload should upload a file from bytes","invocations":1,"location":null,"numPassingAsserts":0,"retryReasons":[],"startAt":1761301449913,"status":"pending","title":"should upload a file from bytes"},{"ancestorTitles":["Storage Operations Integration Tests","File Upload"],"duration":null,"failing":false,"failureDetails":[],"failureMessages":[],"fullName":"Storage Operations Integration Tests File Upload should upload a file from string","invocations":1,"location":null,"numPassingAsserts":0,"retryReasons":[],"startAt":1761301449913,"status":"pending","title":"should upload a file from string"},{"ancestorTitles":["Storage Operations Integration Tests","File Upload"],"duration":null,"failing":false,"failureDetails":[],"failureMessages":[],"fullName":"Storage Operations Integration Tests File Upload should upload with custom metadata","invocations":1,"location":null,"numPassingAsserts":0,"retryReasons":[],"startAt":1761301449913,"status":"pending","title":"should upload with custom metadata"},{"ancestorTitles":["Storage Operations Integration Tests","File Upload"],"duration":null,"failing":false,"failureDetails":[],"failureMessages":[],"fullName":"Storage Operations Integration Tests File Upload should upload image file","invocations":1,"location":null,"numPassingAsserts":0,"retryReasons":[],"startAt":1761301449913,"status":"pending","title":"should upload image file"},{"ancestorTitles":["Storage Operations Integration Tests","File Download"],"duration":null,"failing":false,"failureDetails":[],"failureMessages":[],"fullName":"Storage Operations Integration Tests File Download should get download URL","invocations":1,"location":null,"numPassingAsserts":0,"retryReasons":[],"startAt":1761301449913,"status":"pending","title":"should get download URL"},{"ancestorTitles":["Storage Operations Integration Tests","File Download"],"duration":null,"failing":false,"failureDetails":[],"failureMessages":[],"fullName":"Storage Operations Integration Tests File Download should download file bytes","invocations":1,"location":null,"numPassingAsserts":0,"retryReasons":[],"startAt":1761301449913,"status":"pending","title":"should download file bytes"},{"ancestorTitles":["Storage Operations Integration Tests","File Download"],"duration":null,"failing":false,"failureDetails":[],"failureMessages":[],"fullName":"Storage Operations Integration Tests File Download should fail to download non-existent file","invocations":1,"location":null,"numPassingAsserts":0,"retryReasons":[],"startAt":1761301449913,"status":"pending","title":"should fail to download non-existent file"},{"ancestorTitles":["Storage Operations Integration Tests","File Metadata"],"duration":null,"failing":false,"failureDetails":[],"failureMessages":[],"fullName":"Storage Operations Integration Tests File Metadata should get file metadata","invocations":1,"location":null,"numPassingAsserts":0,"retryReasons":[],"startAt":1761301449913,"status":"pending","title":"should get file metadata"},{"ancestorTitles":["Storage Operations Integration Tests","File Metadata"],"duration":null,"failing":false,"failureDetails":[],"failureMessages":[],"fullName":"Storage Operations Integration Tests File Metadata should update file metadata","invocations":1,"location":null,"numPassingAsserts":0,"retryReasons":[],"startAt":1761301449913,"status":"pending","title":"should update file metadata"},{"ancestorTitles":["Storage Operations Integration Tests","File Deletion"],"duration":null,"failing":false,"failureDetails":[],"failureMessages":[],"fullName":"Storage Operations Integration Tests File Deletion should delete a file","invocations":1,"location":null,"numPassingAsserts":0,"retryReasons":[],"startAt":1761301449913,"status":"pending","title":"should delete a file"},{"ancestorTitles":["Storage Operations Integration Tests","File Deletion"],"duration":null,"failing":false,"failureDetails":[],"failureMessages":[],"fullName":"Storage Operations Integration Tests File Deletion should fail to delete non-existent file","invocations":1,"location":null,"numPassingAsserts":0,"retryReasons":[],"startAt":1761301449913,"status":"pending","title":"should fail to delete non-existent file"},{"ancestorTitles":["Storage Operations Integration Tests","Directory Operations"],"duration":null,"failing":false,"failureDetails":[],"failureMessages":[],"fullName":"Storage Operations Integration Tests Directory Operations should list all files in directory","invocations":1,"location":null,"numPassingAsserts":0,"retryReasons":[],"startAt":1761301449913,"status":"pending","title":"should list all files in directory"},{"ancestorTitles":["Storage Operations Integration Tests","Directory Operations"],"duration":null,"failing":false,"failureDetails":[],"failureMessages":[],"fullName":"Storage Operations Integration Tests Directory Operations should handle empty directory","invocations":1,"location":null,"numPassingAsserts":0,"retryReasons":[],"startAt":1761301449913,"status":"pending","title":"should handle empty directory"},{"ancestorTitles":["Storage Operations Integration Tests","Multi-tenant Isolation"],"duration":null,"failing":false,"failureDetails":[],"failureMessages":[],"fullName":"Storage Operations Integration Tests Multi-tenant Isolation should isolate files between organizations","invocations":1,"location":null,"numPassingAsserts":0,"retryReasons":[],"startAt":1761301449914,"status":"pending","title":"should isolate files between organizations"},{"ancestorTitles":["Storage Operations Integration Tests","Multi-tenant Isolation"],"duration":null,"failing":false,"failureDetails":[],"failureMessages":[],"fullName":"Storage Operations Integration Tests Multi-tenant Isolation should list only organization-specific files","invocations":1,"location":null,"numPassingAsserts":0,"retryReasons":[],"startAt":1761301449914,"status":"pending","title":"should list only organization-specific files"},{"ancestorTitles":["Storage Operations Integration Tests","File Type Handling"],"duration":null,"failing":false,"failureDetails":[],"failureMessages":[],"fullName":"Storage Operations Integration Tests File Type Handling should handle text files","invocations":1,"location":null,"numPassingAsserts":0,"retryReasons":[],"startAt":1761301449914,"status":"pending","title":"should handle text files"},{"ancestorTitles":["Storage Operations Integration Tests","File Type Handling"],"duration":null,"failing":false,"failureDetails":[],"failureMessages":[],"fullName":"Storage Operations Integration Tests File Type Handling should handle JSON files","invocations":1,"location":null,"numPassingAsserts":0,"retryReasons":[],"startAt":1761301449914,"status":"pending","title":"should handle JSON files"},{"ancestorTitles":["Storage Operations Integration Tests","File Type Handling"],"duration":null,"failing":false,"failureDetails":[],"failureMessages":[],"fullName":"Storage Operations Integration Tests File Type Handling should handle PDF files","invocations":1,"location":null,"numPassingAsserts":0,"retryReasons":[],"startAt":1761301449914,"status":"pending","title":"should handle PDF files"},{"ancestorTitles":["Storage Operations Integration Tests","Large File Handling"],"duration":null,"failing":false,"failureDetails":[],"failureMessages":[],"fullName":"Storage Operations Integration Tests Large File Handling should handle files larger than 1KB","invocations":1,"location":null,"numPassingAsserts":0,"retryReasons":[],"startAt":1761301449920,"status":"pending","title":"should handle files larger than 1KB"},{"ancestorTitles":["Storage Operations Integration Tests","Error Handling"],"duration":null,"failing":false,"failureDetails":[],"failureMessages":[],"fullName":"Storage Operations Integration Tests Error Handling should handle invalid file paths","invocations":1,"location":null,"numPassingAsserts":0,"retryReasons":[],"startAt":1761301449920,"status":"pending","title":"should handle invalid file paths"},{"ancestorTitles":["Storage Operations Integration Tests","Error Handling"],"duration":null,"failing":false,"failureDetails":[],"failureMessages":[],"fullName":"Storage Operations Integration Tests Error Handling should handle operations on deleted files","invocations":1,"location":null,"numPassingAsserts":0,"retryReasons":[],"startAt":1761301449920,"status":"pending","title":"should handle operations on deleted files"},{"ancestorTitles":["Storage Operations Integration Tests","Concurrent Operations"],"duration":null,"failing":false,"failureDetails":[],"failureMessages":[],"fullName":"Storage Operations Integration Tests Concurrent Operations should handle multiple simultaneous uploads","invocations":1,"location":null,"numPassingAsserts":0,"retryReasons":[],"startAt":1761301449920,"status":"pending","title":"should handle multiple simultaneous uploads"},{"ancestorTitles":["Storage Operations Integration Tests","Concurrent Operations"],"duration":null,"failing":false,"failureDetails":[],"failureMessages":[],"fullName":"Storage Operations Integration Tests Concurrent Operations should handle multiple simultaneous downloads","invocations":1,"location":null,"numPassingAsserts":0,"retryReasons":[],"startAt":1761301449920,"status":"pending","title":"should handle multiple simultaneous downloads"}],"coverage":{},"endTime":1761301452652,"message":"","name":"D:\\Programmeren\\MaasISO\\saasapps\\tra001\\web\\src\\__tests__\\integration\\storage-operations.integration.test.ts","startTime":1761301452652,"status":"skipped","summary":""},{"assertionResults":[{"ancestorTitles":["HazardSelector"],"duration":392,"failing":false,"failureDetails":[],"failureMessages":[],"fullName":"HazardSelector renders and shows hazards list","invocations":1,"location":null,"numPassingAsserts":2,"retryReasons":[],"startAt":1761301449530,"status":"passed","title":"renders and shows hazards list"},{"ancestorTitles":["HazardSelector"],"duration":131,"failing":false,"failureDetails":[],"failureMessages":[],"fullName":"HazardSelector filters hazards by search query","invocations":1,"location":null,"numPassingAsserts":3,"retryReasons":[],"startAt":1761301449923,"status":"passed","title":"filters hazards by search query"},{"ancestorTitles":["HazardSelector"],"duration":222,"failing":false,"failureDetails":[],"failureMessages":[],"fullName":"HazardSelector allows selecting and removing hazards","invocations":1,"location":null,"numPassingAsserts":3,"retryReasons":[],"startAt":1761301450054,"status":"passed","title":"allows selecting and removing hazards"}],"endTime":1761301450277,"message":"","name":"D:\\Programmeren\\MaasISO\\saasapps\\tra001\\web\\src\\__tests__\\hazard-selector.test.tsx","startTime":1761301449284,"status":"passed","summary":""},{"assertionResults":[{"ancestorTitles":["TraWizard basic flows"],"duration":459,"failing":false,"failureDetails":[],"failureMessages":[],"fullName":"TraWizard basic flows renders and progresses through steps","invocations":1,"location":null,"numPassingAsserts":4,"retryReasons":[],"startAt":1761301449371,"status":"passed","title":"renders and progresses through steps"},{"ancestorTitles":["TraWizard basic flows"],"duration":2047,"failing":false,"failureDetails":[],"failureMessages":[],"fullName":"TraWizard basic flows autosave sends draft requests","invocations":1,"location":null,"numPassingAsserts":1,"retryReasons":[],"startAt":1761301449830,"status":"passed","title":"autosave sends draft requests"}],"endTime":1761301451878,"message":"","name":"D:\\Programmeren\\MaasISO\\saasapps\\tra001\\web\\src\\__tests__\\tra-wizard.test.tsx","startTime":1761301448953,"status":"passed","summary":""}],"wasInterrupted":false}
